# QEMU configure log Thu Jan 26 10:18:26 PM MSK 2023
# Configured with: '/home/c3nt/Projects/Olymp_tasks/Old_Times/uni/unicorn/qemu/configure' '--cc=/usr/bin/cc' '--extra-cflags=-DUNICORN_HAS_X86 -DUNICORN_HAS_ARM -DUNICORN_HAS_ARM64 -DUNICORN_HAS_M68K -DUNICORN_HAS_MIPS -DUNICORN_HAS_MIPSEL -DUNICORN_HAS_MIPS64 -DUNICORN_HAS_MIPS64EL -DUNICORN_HAS_SPARC -DUNICORN_HAS_PPC -DUNICORN_HAS_RISCV -DUNICORN_HAS_S390X -DUNICORN_HAS_TRICORE -fPIC' '--target-list=x86_64-softmmu, arm-softmmu, aarch64-softmmu, m68k-softmmu, mips-softmmu, mipsel-softmmu, mips64-softmmu, mips64el-softmmu, sparc-softmmu, sparc64-softmmu, ppc-softmmu, ppc64-softmmu, riscv32-softmmu, riscv64-softmmu, s390x-softmmu, tricore-softmmu,  '
#

funcs: do_compiler do_cc compile_object check_define main
lines: 93 123 381 398 0
/usr/bin/cc -D_GNU_SOURCE -D_FILE_OFFSET_BITS=64 -D_LARGEFILE_SOURCE -Wstrict-prototypes -Wredundant-decls -Wall -Wundef -Wwrite-strings -Wmissing-prototypes -fno-strict-aliasing -fno-common -fwrapv -std=gnu99 -DUNICORN_HAS_X86 -DUNICORN_HAS_ARM -DUNICORN_HAS_ARM64 -DUNICORN_HAS_M68K -DUNICORN_HAS_MIPS -DUNICORN_HAS_MIPSEL -DUNICORN_HAS_MIPS64 -DUNICORN_HAS_MIPS64EL -DUNICORN_HAS_SPARC -DUNICORN_HAS_PPC -DUNICORN_HAS_RISCV -DUNICORN_HAS_S390X -DUNICORN_HAS_TRICORE -fPIC -c -o config-temp/qemu-conf.o config-temp/qemu-conf.c

funcs: do_compiler do_cc compile_object check_define main
lines: 93 123 381 450 0
/usr/bin/cc -D_GNU_SOURCE -D_FILE_OFFSET_BITS=64 -D_LARGEFILE_SOURCE -Wstrict-prototypes -Wredundant-decls -Wall -Wundef -Wwrite-strings -Wmissing-prototypes -fno-strict-aliasing -fno-common -fwrapv -std=gnu99 -DUNICORN_HAS_X86 -DUNICORN_HAS_ARM -DUNICORN_HAS_ARM64 -DUNICORN_HAS_M68K -DUNICORN_HAS_MIPS -DUNICORN_HAS_MIPSEL -DUNICORN_HAS_MIPS64 -DUNICORN_HAS_MIPS64EL -DUNICORN_HAS_SPARC -DUNICORN_HAS_PPC -DUNICORN_HAS_RISCV -DUNICORN_HAS_S390X -DUNICORN_HAS_TRICORE -fPIC -c -o config-temp/qemu-conf.o config-temp/qemu-conf.c
config-temp/qemu-conf.c:2:2: error: #error __i386__ not defined
    2 | #error __i386__ not defined
      |  ^~~~~

funcs: do_compiler do_cc compile_object check_define main
lines: 93 123 381 452 0
/usr/bin/cc -D_GNU_SOURCE -D_FILE_OFFSET_BITS=64 -D_LARGEFILE_SOURCE -Wstrict-prototypes -Wredundant-decls -Wall -Wundef -Wwrite-strings -Wmissing-prototypes -fno-strict-aliasing -fno-common -fwrapv -std=gnu99 -DUNICORN_HAS_X86 -DUNICORN_HAS_ARM -DUNICORN_HAS_ARM64 -DUNICORN_HAS_M68K -DUNICORN_HAS_MIPS -DUNICORN_HAS_MIPSEL -DUNICORN_HAS_MIPS64 -DUNICORN_HAS_MIPS64EL -DUNICORN_HAS_SPARC -DUNICORN_HAS_PPC -DUNICORN_HAS_RISCV -DUNICORN_HAS_S390X -DUNICORN_HAS_TRICORE -fPIC -c -o config-temp/qemu-conf.o config-temp/qemu-conf.c

funcs: do_compiler do_cc compile_object check_define main
lines: 93 123 381 453 0
/usr/bin/cc -D_GNU_SOURCE -D_FILE_OFFSET_BITS=64 -D_LARGEFILE_SOURCE -Wstrict-prototypes -Wredundant-decls -Wall -Wundef -Wwrite-strings -Wmissing-prototypes -fno-strict-aliasing -fno-common -fwrapv -std=gnu99 -DUNICORN_HAS_X86 -DUNICORN_HAS_ARM -DUNICORN_HAS_ARM64 -DUNICORN_HAS_M68K -DUNICORN_HAS_MIPS -DUNICORN_HAS_MIPSEL -DUNICORN_HAS_MIPS64 -DUNICORN_HAS_MIPS64EL -DUNICORN_HAS_SPARC -DUNICORN_HAS_PPC -DUNICORN_HAS_RISCV -DUNICORN_HAS_S390X -DUNICORN_HAS_TRICORE -fPIC -c -o config-temp/qemu-conf.o config-temp/qemu-conf.c
config-temp/qemu-conf.c:2:2: error: #error __ILP32__ not defined
    2 | #error __ILP32__ not defined
      |  ^~~~~

funcs: do_compiler do_cc compile_object main
lines: 93 123 939 0
/usr/bin/cc -m64 -mcx16 -D_GNU_SOURCE -D_FILE_OFFSET_BITS=64 -D_LARGEFILE_SOURCE -Wstrict-prototypes -Wredundant-decls -Wall -Wundef -Wwrite-strings -Wmissing-prototypes -fno-strict-aliasing -fno-common -fwrapv -std=gnu99 -DUNICORN_HAS_X86 -DUNICORN_HAS_ARM -DUNICORN_HAS_ARM64 -DUNICORN_HAS_M68K -DUNICORN_HAS_MIPS -DUNICORN_HAS_MIPSEL -DUNICORN_HAS_MIPS64 -DUNICORN_HAS_MIPS64EL -DUNICORN_HAS_SPARC -DUNICORN_HAS_PPC -DUNICORN_HAS_RISCV -DUNICORN_HAS_S390X -DUNICORN_HAS_TRICORE -fPIC -c -o config-temp/qemu-conf.o config-temp/qemu-conf.c

funcs: do_compiler do_cc compile_prog main
lines: 93 129 944 0
/usr/bin/cc -m64 -mcx16 -D_GNU_SOURCE -D_FILE_OFFSET_BITS=64 -D_LARGEFILE_SOURCE -Wstrict-prototypes -Wredundant-decls -Wall -Wundef -Wwrite-strings -Wmissing-prototypes -fno-strict-aliasing -fno-common -fwrapv -std=gnu99 -DUNICORN_HAS_X86 -DUNICORN_HAS_ARM -DUNICORN_HAS_ARM64 -DUNICORN_HAS_M68K -DUNICORN_HAS_MIPS -DUNICORN_HAS_MIPSEL -DUNICORN_HAS_MIPS64 -DUNICORN_HAS_MIPS64EL -DUNICORN_HAS_SPARC -DUNICORN_HAS_PPC -DUNICORN_HAS_RISCV -DUNICORN_HAS_S390X -DUNICORN_HAS_TRICORE -fPIC -o config-temp/qemu-conf.exe config-temp/qemu-conf.c -m64 -DUNICORN_HAS_X86 -DUNICORN_HAS_ARM -DUNICORN_HAS_ARM64 -DUNICORN_HAS_M68K -DUNICORN_HAS_MIPS -DUNICORN_HAS_MIPSEL -DUNICORN_HAS_MIPS64 -DUNICORN_HAS_MIPS64EL -DUNICORN_HAS_SPARC -DUNICORN_HAS_PPC -DUNICORN_HAS_RISCV -DUNICORN_HAS_S390X -DUNICORN_HAS_TRICORE -fPIC

funcs: do_compiler do_cc compile_prog main
lines: 93 129 994 0
/usr/bin/cc -m64 -mcx16 -D_GNU_SOURCE -D_FILE_OFFSET_BITS=64 -D_LARGEFILE_SOURCE -Wstrict-prototypes -Wredundant-decls -Wall -Wundef -Wwrite-strings -Wmissing-prototypes -fno-strict-aliasing -fno-common -fwrapv -std=gnu99 -DUNICORN_HAS_X86 -DUNICORN_HAS_ARM -DUNICORN_HAS_ARM64 -DUNICORN_HAS_M68K -DUNICORN_HAS_MIPS -DUNICORN_HAS_MIPSEL -DUNICORN_HAS_MIPS64 -DUNICORN_HAS_MIPS64EL -DUNICORN_HAS_SPARC -DUNICORN_HAS_PPC -DUNICORN_HAS_RISCV -DUNICORN_HAS_S390X -DUNICORN_HAS_TRICORE -fPIC -o config-temp/qemu-conf.exe config-temp/qemu-conf.c -m64 -DUNICORN_HAS_X86 -DUNICORN_HAS_ARM -DUNICORN_HAS_ARM64 -DUNICORN_HAS_M68K -DUNICORN_HAS_MIPS -DUNICORN_HAS_MIPSEL -DUNICORN_HAS_MIPS64 -DUNICORN_HAS_MIPS64EL -DUNICORN_HAS_SPARC -DUNICORN_HAS_PPC -DUNICORN_HAS_RISCV -DUNICORN_HAS_S390X -DUNICORN_HAS_TRICORE -fPIC

funcs: do_compiler do_cc compile_prog cc_has_warning_flag main
lines: 93 129 1016 1020 0
/usr/bin/cc -m64 -mcx16 -D_GNU_SOURCE -D_FILE_OFFSET_BITS=64 -D_LARGEFILE_SOURCE -Wstrict-prototypes -Wredundant-decls -Wall -Wundef -Wwrite-strings -Wmissing-prototypes -fno-strict-aliasing -fno-common -fwrapv -std=gnu99 -DUNICORN_HAS_X86 -DUNICORN_HAS_ARM -DUNICORN_HAS_ARM64 -DUNICORN_HAS_M68K -DUNICORN_HAS_MIPS -DUNICORN_HAS_MIPSEL -DUNICORN_HAS_MIPS64 -DUNICORN_HAS_MIPS64EL -DUNICORN_HAS_SPARC -DUNICORN_HAS_PPC -DUNICORN_HAS_RISCV -DUNICORN_HAS_S390X -DUNICORN_HAS_TRICORE -fPIC -Werror -Wstring-plus-int -o config-temp/qemu-conf.exe config-temp/qemu-conf.c -m64 -DUNICORN_HAS_X86 -DUNICORN_HAS_ARM -DUNICORN_HAS_ARM64 -DUNICORN_HAS_M68K -DUNICORN_HAS_MIPS -DUNICORN_HAS_MIPSEL -DUNICORN_HAS_MIPS64 -DUNICORN_HAS_MIPS64EL -DUNICORN_HAS_SPARC -DUNICORN_HAS_PPC -DUNICORN_HAS_RISCV -DUNICORN_HAS_S390X -DUNICORN_HAS_TRICORE -fPIC
cc: error: unrecognized command-line option ‘-Wstring-plus-int’

funcs: do_compiler do_cc compile_prog cc_has_warning_flag main
lines: 93 129 1016 1020 0
/usr/bin/cc -m64 -mcx16 -D_GNU_SOURCE -D_FILE_OFFSET_BITS=64 -D_LARGEFILE_SOURCE -Wstrict-prototypes -Wredundant-decls -Wall -Wundef -Wwrite-strings -Wmissing-prototypes -fno-strict-aliasing -fno-common -fwrapv -std=gnu99 -DUNICORN_HAS_X86 -DUNICORN_HAS_ARM -DUNICORN_HAS_ARM64 -DUNICORN_HAS_M68K -DUNICORN_HAS_MIPS -DUNICORN_HAS_MIPSEL -DUNICORN_HAS_MIPS64 -DUNICORN_HAS_MIPS64EL -DUNICORN_HAS_SPARC -DUNICORN_HAS_PPC -DUNICORN_HAS_RISCV -DUNICORN_HAS_S390X -DUNICORN_HAS_TRICORE -fPIC -Werror -Wtypedef-redefinition -o config-temp/qemu-conf.exe config-temp/qemu-conf.c -m64 -DUNICORN_HAS_X86 -DUNICORN_HAS_ARM -DUNICORN_HAS_ARM64 -DUNICORN_HAS_M68K -DUNICORN_HAS_MIPS -DUNICORN_HAS_MIPSEL -DUNICORN_HAS_MIPS64 -DUNICORN_HAS_MIPS64EL -DUNICORN_HAS_SPARC -DUNICORN_HAS_PPC -DUNICORN_HAS_RISCV -DUNICORN_HAS_S390X -DUNICORN_HAS_TRICORE -fPIC
cc: error: unrecognized command-line option ‘-Wtypedef-redefinition’

funcs: do_compiler do_cc compile_prog cc_has_warning_flag main
lines: 93 129 1016 1020 0
/usr/bin/cc -m64 -mcx16 -D_GNU_SOURCE -D_FILE_OFFSET_BITS=64 -D_LARGEFILE_SOURCE -Wstrict-prototypes -Wredundant-decls -Wall -Wundef -Wwrite-strings -Wmissing-prototypes -fno-strict-aliasing -fno-common -fwrapv -std=gnu99 -DUNICORN_HAS_X86 -DUNICORN_HAS_ARM -DUNICORN_HAS_ARM64 -DUNICORN_HAS_M68K -DUNICORN_HAS_MIPS -DUNICORN_HAS_MIPSEL -DUNICORN_HAS_MIPS64 -DUNICORN_HAS_MIPS64EL -DUNICORN_HAS_SPARC -DUNICORN_HAS_PPC -DUNICORN_HAS_RISCV -DUNICORN_HAS_S390X -DUNICORN_HAS_TRICORE -fPIC -Werror -Winitializer-overrides -o config-temp/qemu-conf.exe config-temp/qemu-conf.c -m64 -DUNICORN_HAS_X86 -DUNICORN_HAS_ARM -DUNICORN_HAS_ARM64 -DUNICORN_HAS_M68K -DUNICORN_HAS_MIPS -DUNICORN_HAS_MIPSEL -DUNICORN_HAS_MIPS64 -DUNICORN_HAS_MIPS64EL -DUNICORN_HAS_SPARC -DUNICORN_HAS_PPC -DUNICORN_HAS_RISCV -DUNICORN_HAS_S390X -DUNICORN_HAS_TRICORE -fPIC
cc: error: unrecognized command-line option ‘-Winitializer-overrides’

funcs: do_compiler do_cc compile_prog cc_has_warning_flag main
lines: 93 129 1016 1020 0
/usr/bin/cc -m64 -mcx16 -D_GNU_SOURCE -D_FILE_OFFSET_BITS=64 -D_LARGEFILE_SOURCE -Wstrict-prototypes -Wredundant-decls -Wall -Wundef -Wwrite-strings -Wmissing-prototypes -fno-strict-aliasing -fno-common -fwrapv -std=gnu99 -DUNICORN_HAS_X86 -DUNICORN_HAS_ARM -DUNICORN_HAS_ARM64 -DUNICORN_HAS_M68K -DUNICORN_HAS_MIPS -DUNICORN_HAS_MIPSEL -DUNICORN_HAS_MIPS64 -DUNICORN_HAS_MIPS64EL -DUNICORN_HAS_SPARC -DUNICORN_HAS_PPC -DUNICORN_HAS_RISCV -DUNICORN_HAS_S390X -DUNICORN_HAS_TRICORE -fPIC -Werror -Wexpansion-to-defined -o config-temp/qemu-conf.exe config-temp/qemu-conf.c -m64 -DUNICORN_HAS_X86 -DUNICORN_HAS_ARM -DUNICORN_HAS_ARM64 -DUNICORN_HAS_M68K -DUNICORN_HAS_MIPS -DUNICORN_HAS_MIPSEL -DUNICORN_HAS_MIPS64 -DUNICORN_HAS_MIPS64EL -DUNICORN_HAS_SPARC -DUNICORN_HAS_PPC -DUNICORN_HAS_RISCV -DUNICORN_HAS_S390X -DUNICORN_HAS_TRICORE -fPIC

funcs: do_compiler do_cc compile_prog cc_has_warning_flag main
lines: 93 129 1016 1020 0
/usr/bin/cc -m64 -mcx16 -D_GNU_SOURCE -D_FILE_OFFSET_BITS=64 -D_LARGEFILE_SOURCE -Wstrict-prototypes -Wredundant-decls -Wall -Wundef -Wwrite-strings -Wmissing-prototypes -fno-strict-aliasing -fno-common -fwrapv -std=gnu99 -DUNICORN_HAS_X86 -DUNICORN_HAS_ARM -DUNICORN_HAS_ARM64 -DUNICORN_HAS_M68K -DUNICORN_HAS_MIPS -DUNICORN_HAS_MIPSEL -DUNICORN_HAS_MIPS64 -DUNICORN_HAS_MIPS64EL -DUNICORN_HAS_SPARC -DUNICORN_HAS_PPC -DUNICORN_HAS_RISCV -DUNICORN_HAS_S390X -DUNICORN_HAS_TRICORE -fPIC -Wexpansion-to-defined -Werror -Wendif-labels -o config-temp/qemu-conf.exe config-temp/qemu-conf.c -m64 -DUNICORN_HAS_X86 -DUNICORN_HAS_ARM -DUNICORN_HAS_ARM64 -DUNICORN_HAS_M68K -DUNICORN_HAS_MIPS -DUNICORN_HAS_MIPSEL -DUNICORN_HAS_MIPS64 -DUNICORN_HAS_MIPS64EL -DUNICORN_HAS_SPARC -DUNICORN_HAS_PPC -DUNICORN_HAS_RISCV -DUNICORN_HAS_S390X -DUNICORN_HAS_TRICORE -fPIC

funcs: do_compiler do_cc compile_prog cc_has_warning_flag main
lines: 93 129 1016 1020 0
/usr/bin/cc -m64 -mcx16 -D_GNU_SOURCE -D_FILE_OFFSET_BITS=64 -D_LARGEFILE_SOURCE -Wstrict-prototypes -Wredundant-decls -Wall -Wundef -Wwrite-strings -Wmissing-prototypes -fno-strict-aliasing -fno-common -fwrapv -std=gnu99 -DUNICORN_HAS_X86 -DUNICORN_HAS_ARM -DUNICORN_HAS_ARM64 -DUNICORN_HAS_M68K -DUNICORN_HAS_MIPS -DUNICORN_HAS_MIPSEL -DUNICORN_HAS_MIPS64 -DUNICORN_HAS_MIPS64EL -DUNICORN_HAS_SPARC -DUNICORN_HAS_PPC -DUNICORN_HAS_RISCV -DUNICORN_HAS_S390X -DUNICORN_HAS_TRICORE -fPIC -Wexpansion-to-defined -Wendif-labels -Werror -Wshift-negative-value -o config-temp/qemu-conf.exe config-temp/qemu-conf.c -m64 -DUNICORN_HAS_X86 -DUNICORN_HAS_ARM -DUNICORN_HAS_ARM64 -DUNICORN_HAS_M68K -DUNICORN_HAS_MIPS -DUNICORN_HAS_MIPSEL -DUNICORN_HAS_MIPS64 -DUNICORN_HAS_MIPS64EL -DUNICORN_HAS_SPARC -DUNICORN_HAS_PPC -DUNICORN_HAS_RISCV -DUNICORN_HAS_S390X -DUNICORN_HAS_TRICORE -fPIC

funcs: do_compiler do_cc compile_prog cc_has_warning_flag main
lines: 93 129 1016 1020 0
/usr/bin/cc -m64 -mcx16 -D_GNU_SOURCE -D_FILE_OFFSET_BITS=64 -D_LARGEFILE_SOURCE -Wstrict-prototypes -Wredundant-decls -Wall -Wundef -Wwrite-strings -Wmissing-prototypes -fno-strict-aliasing -fno-common -fwrapv -std=gnu99 -DUNICORN_HAS_X86 -DUNICORN_HAS_ARM -DUNICORN_HAS_ARM64 -DUNICORN_HAS_M68K -DUNICORN_HAS_MIPS -DUNICORN_HAS_MIPSEL -DUNICORN_HAS_MIPS64 -DUNICORN_HAS_MIPS64EL -DUNICORN_HAS_SPARC -DUNICORN_HAS_PPC -DUNICORN_HAS_RISCV -DUNICORN_HAS_S390X -DUNICORN_HAS_TRICORE -fPIC -Wexpansion-to-defined -Wendif-labels -Wno-shift-negative-value -Werror -Wmissing-include-dirs -o config-temp/qemu-conf.exe config-temp/qemu-conf.c -m64 -DUNICORN_HAS_X86 -DUNICORN_HAS_ARM -DUNICORN_HAS_ARM64 -DUNICORN_HAS_M68K -DUNICORN_HAS_MIPS -DUNICORN_HAS_MIPSEL -DUNICORN_HAS_MIPS64 -DUNICORN_HAS_MIPS64EL -DUNICORN_HAS_SPARC -DUNICORN_HAS_PPC -DUNICORN_HAS_RISCV -DUNICORN_HAS_S390X -DUNICORN_HAS_TRICORE -fPIC

funcs: do_compiler do_cc compile_prog cc_has_warning_flag main
lines: 93 129 1016 1020 0
/usr/bin/cc -m64 -mcx16 -D_GNU_SOURCE -D_FILE_OFFSET_BITS=64 -D_LARGEFILE_SOURCE -Wstrict-prototypes -Wredundant-decls -Wall -Wundef -Wwrite-strings -Wmissing-prototypes -fno-strict-aliasing -fno-common -fwrapv -std=gnu99 -DUNICORN_HAS_X86 -DUNICORN_HAS_ARM -DUNICORN_HAS_ARM64 -DUNICORN_HAS_M68K -DUNICORN_HAS_MIPS -DUNICORN_HAS_MIPSEL -DUNICORN_HAS_MIPS64 -DUNICORN_HAS_MIPS64EL -DUNICORN_HAS_SPARC -DUNICORN_HAS_PPC -DUNICORN_HAS_RISCV -DUNICORN_HAS_S390X -DUNICORN_HAS_TRICORE -fPIC -Wexpansion-to-defined -Wendif-labels -Wno-shift-negative-value -Wno-missing-include-dirs -Werror -Wempty-body -o config-temp/qemu-conf.exe config-temp/qemu-conf.c -m64 -DUNICORN_HAS_X86 -DUNICORN_HAS_ARM -DUNICORN_HAS_ARM64 -DUNICORN_HAS_M68K -DUNICORN_HAS_MIPS -DUNICORN_HAS_MIPSEL -DUNICORN_HAS_MIPS64 -DUNICORN_HAS_MIPS64EL -DUNICORN_HAS_SPARC -DUNICORN_HAS_PPC -DUNICORN_HAS_RISCV -DUNICORN_HAS_S390X -DUNICORN_HAS_TRICORE -fPIC

funcs: do_compiler do_cc compile_prog cc_has_warning_flag main
lines: 93 129 1016 1020 0
/usr/bin/cc -m64 -mcx16 -D_GNU_SOURCE -D_FILE_OFFSET_BITS=64 -D_LARGEFILE_SOURCE -Wstrict-prototypes -Wredundant-decls -Wall -Wundef -Wwrite-strings -Wmissing-prototypes -fno-strict-aliasing -fno-common -fwrapv -std=gnu99 -DUNICORN_HAS_X86 -DUNICORN_HAS_ARM -DUNICORN_HAS_ARM64 -DUNICORN_HAS_M68K -DUNICORN_HAS_MIPS -DUNICORN_HAS_MIPSEL -DUNICORN_HAS_MIPS64 -DUNICORN_HAS_MIPS64EL -DUNICORN_HAS_SPARC -DUNICORN_HAS_PPC -DUNICORN_HAS_RISCV -DUNICORN_HAS_S390X -DUNICORN_HAS_TRICORE -fPIC -Wexpansion-to-defined -Wendif-labels -Wno-shift-negative-value -Wno-missing-include-dirs -Wempty-body -Werror -Wnested-externs -o config-temp/qemu-conf.exe config-temp/qemu-conf.c -m64 -DUNICORN_HAS_X86 -DUNICORN_HAS_ARM -DUNICORN_HAS_ARM64 -DUNICORN_HAS_M68K -DUNICORN_HAS_MIPS -DUNICORN_HAS_MIPSEL -DUNICORN_HAS_MIPS64 -DUNICORN_HAS_MIPS64EL -DUNICORN_HAS_SPARC -DUNICORN_HAS_PPC -DUNICORN_HAS_RISCV -DUNICORN_HAS_S390X -DUNICORN_HAS_TRICORE -fPIC

funcs: do_compiler do_cc compile_prog cc_has_warning_flag main
lines: 93 129 1016 1020 0
/usr/bin/cc -m64 -mcx16 -D_GNU_SOURCE -D_FILE_OFFSET_BITS=64 -D_LARGEFILE_SOURCE -Wstrict-prototypes -Wredundant-decls -Wall -Wundef -Wwrite-strings -Wmissing-prototypes -fno-strict-aliasing -fno-common -fwrapv -std=gnu99 -DUNICORN_HAS_X86 -DUNICORN_HAS_ARM -DUNICORN_HAS_ARM64 -DUNICORN_HAS_M68K -DUNICORN_HAS_MIPS -DUNICORN_HAS_MIPSEL -DUNICORN_HAS_MIPS64 -DUNICORN_HAS_MIPS64EL -DUNICORN_HAS_SPARC -DUNICORN_HAS_PPC -DUNICORN_HAS_RISCV -DUNICORN_HAS_S390X -DUNICORN_HAS_TRICORE -fPIC -Wexpansion-to-defined -Wendif-labels -Wno-shift-negative-value -Wno-missing-include-dirs -Wempty-body -Wnested-externs -Werror -Wformat-security -o config-temp/qemu-conf.exe config-temp/qemu-conf.c -m64 -DUNICORN_HAS_X86 -DUNICORN_HAS_ARM -DUNICORN_HAS_ARM64 -DUNICORN_HAS_M68K -DUNICORN_HAS_MIPS -DUNICORN_HAS_MIPSEL -DUNICORN_HAS_MIPS64 -DUNICORN_HAS_MIPS64EL -DUNICORN_HAS_SPARC -DUNICORN_HAS_PPC -DUNICORN_HAS_RISCV -DUNICORN_HAS_S390X -DUNICORN_HAS_TRICORE -fPIC

funcs: do_compiler do_cc compile_prog cc_has_warning_flag main
lines: 93 129 1016 1020 0
/usr/bin/cc -m64 -mcx16 -D_GNU_SOURCE -D_FILE_OFFSET_BITS=64 -D_LARGEFILE_SOURCE -Wstrict-prototypes -Wredundant-decls -Wall -Wundef -Wwrite-strings -Wmissing-prototypes -fno-strict-aliasing -fno-common -fwrapv -std=gnu99 -DUNICORN_HAS_X86 -DUNICORN_HAS_ARM -DUNICORN_HAS_ARM64 -DUNICORN_HAS_M68K -DUNICORN_HAS_MIPS -DUNICORN_HAS_MIPSEL -DUNICORN_HAS_MIPS64 -DUNICORN_HAS_MIPS64EL -DUNICORN_HAS_SPARC -DUNICORN_HAS_PPC -DUNICORN_HAS_RISCV -DUNICORN_HAS_S390X -DUNICORN_HAS_TRICORE -fPIC -Wexpansion-to-defined -Wendif-labels -Wno-shift-negative-value -Wno-missing-include-dirs -Wempty-body -Wnested-externs -Wformat-security -Werror -Wformat-y2k -o config-temp/qemu-conf.exe config-temp/qemu-conf.c -m64 -DUNICORN_HAS_X86 -DUNICORN_HAS_ARM -DUNICORN_HAS_ARM64 -DUNICORN_HAS_M68K -DUNICORN_HAS_MIPS -DUNICORN_HAS_MIPSEL -DUNICORN_HAS_MIPS64 -DUNICORN_HAS_MIPS64EL -DUNICORN_HAS_SPARC -DUNICORN_HAS_PPC -DUNICORN_HAS_RISCV -DUNICORN_HAS_S390X -DUNICORN_HAS_TRICORE -fPIC

funcs: do_compiler do_cc compile_prog cc_has_warning_flag main
lines: 93 129 1016 1020 0
/usr/bin/cc -m64 -mcx16 -D_GNU_SOURCE -D_FILE_OFFSET_BITS=64 -D_LARGEFILE_SOURCE -Wstrict-prototypes -Wredundant-decls -Wall -Wundef -Wwrite-strings -Wmissing-prototypes -fno-strict-aliasing -fno-common -fwrapv -std=gnu99 -DUNICORN_HAS_X86 -DUNICORN_HAS_ARM -DUNICORN_HAS_ARM64 -DUNICORN_HAS_M68K -DUNICORN_HAS_MIPS -DUNICORN_HAS_MIPSEL -DUNICORN_HAS_MIPS64 -DUNICORN_HAS_MIPS64EL -DUNICORN_HAS_SPARC -DUNICORN_HAS_PPC -DUNICORN_HAS_RISCV -DUNICORN_HAS_S390X -DUNICORN_HAS_TRICORE -fPIC -Wexpansion-to-defined -Wendif-labels -Wno-shift-negative-value -Wno-missing-include-dirs -Wempty-body -Wnested-externs -Wformat-security -Wformat-y2k -Werror -Winit-self -o config-temp/qemu-conf.exe config-temp/qemu-conf.c -m64 -DUNICORN_HAS_X86 -DUNICORN_HAS_ARM -DUNICORN_HAS_ARM64 -DUNICORN_HAS_M68K -DUNICORN_HAS_MIPS -DUNICORN_HAS_MIPSEL -DUNICORN_HAS_MIPS64 -DUNICORN_HAS_MIPS64EL -DUNICORN_HAS_SPARC -DUNICORN_HAS_PPC -DUNICORN_HAS_RISCV -DUNICORN_HAS_S390X -DUNICORN_HAS_TRICORE -fPIC

funcs: do_compiler do_cc compile_prog cc_has_warning_flag main
lines: 93 129 1016 1020 0
/usr/bin/cc -m64 -mcx16 -D_GNU_SOURCE -D_FILE_OFFSET_BITS=64 -D_LARGEFILE_SOURCE -Wstrict-prototypes -Wredundant-decls -Wall -Wundef -Wwrite-strings -Wmissing-prototypes -fno-strict-aliasing -fno-common -fwrapv -std=gnu99 -DUNICORN_HAS_X86 -DUNICORN_HAS_ARM -DUNICORN_HAS_ARM64 -DUNICORN_HAS_M68K -DUNICORN_HAS_MIPS -DUNICORN_HAS_MIPSEL -DUNICORN_HAS_MIPS64 -DUNICORN_HAS_MIPS64EL -DUNICORN_HAS_SPARC -DUNICORN_HAS_PPC -DUNICORN_HAS_RISCV -DUNICORN_HAS_S390X -DUNICORN_HAS_TRICORE -fPIC -Wexpansion-to-defined -Wendif-labels -Wno-shift-negative-value -Wno-missing-include-dirs -Wempty-body -Wnested-externs -Wformat-security -Wformat-y2k -Winit-self -Werror -Wignored-qualifiers -o config-temp/qemu-conf.exe config-temp/qemu-conf.c -m64 -DUNICORN_HAS_X86 -DUNICORN_HAS_ARM -DUNICORN_HAS_ARM64 -DUNICORN_HAS_M68K -DUNICORN_HAS_MIPS -DUNICORN_HAS_MIPSEL -DUNICORN_HAS_MIPS64 -DUNICORN_HAS_MIPS64EL -DUNICORN_HAS_SPARC -DUNICORN_HAS_PPC -DUNICORN_HAS_RISCV -DUNICORN_HAS_S390X -DUNICORN_HAS_TRICORE -fPIC

funcs: do_compiler do_cc compile_prog cc_has_warning_flag main
lines: 93 129 1016 1020 0
/usr/bin/cc -m64 -mcx16 -D_GNU_SOURCE -D_FILE_OFFSET_BITS=64 -D_LARGEFILE_SOURCE -Wstrict-prototypes -Wredundant-decls -Wall -Wundef -Wwrite-strings -Wmissing-prototypes -fno-strict-aliasing -fno-common -fwrapv -std=gnu99 -DUNICORN_HAS_X86 -DUNICORN_HAS_ARM -DUNICORN_HAS_ARM64 -DUNICORN_HAS_M68K -DUNICORN_HAS_MIPS -DUNICORN_HAS_MIPSEL -DUNICORN_HAS_MIPS64 -DUNICORN_HAS_MIPS64EL -DUNICORN_HAS_SPARC -DUNICORN_HAS_PPC -DUNICORN_HAS_RISCV -DUNICORN_HAS_S390X -DUNICORN_HAS_TRICORE -fPIC -Wexpansion-to-defined -Wendif-labels -Wno-shift-negative-value -Wno-missing-include-dirs -Wempty-body -Wnested-externs -Wformat-security -Wformat-y2k -Winit-self -Wignored-qualifiers -Werror -Wold-style-declaration -o config-temp/qemu-conf.exe config-temp/qemu-conf.c -m64 -DUNICORN_HAS_X86 -DUNICORN_HAS_ARM -DUNICORN_HAS_ARM64 -DUNICORN_HAS_M68K -DUNICORN_HAS_MIPS -DUNICORN_HAS_MIPSEL -DUNICORN_HAS_MIPS64 -DUNICORN_HAS_MIPS64EL -DUNICORN_HAS_SPARC -DUNICORN_HAS_PPC -DUNICORN_HAS_RISCV -DUNICORN_HAS_S390X -DUNICORN_HAS_TRICORE -fPIC

funcs: do_compiler do_cc compile_prog cc_has_warning_flag main
lines: 93 129 1016 1020 0
/usr/bin/cc -m64 -mcx16 -D_GNU_SOURCE -D_FILE_OFFSET_BITS=64 -D_LARGEFILE_SOURCE -Wstrict-prototypes -Wredundant-decls -Wall -Wundef -Wwrite-strings -Wmissing-prototypes -fno-strict-aliasing -fno-common -fwrapv -std=gnu99 -DUNICORN_HAS_X86 -DUNICORN_HAS_ARM -DUNICORN_HAS_ARM64 -DUNICORN_HAS_M68K -DUNICORN_HAS_MIPS -DUNICORN_HAS_MIPSEL -DUNICORN_HAS_MIPS64 -DUNICORN_HAS_MIPS64EL -DUNICORN_HAS_SPARC -DUNICORN_HAS_PPC -DUNICORN_HAS_RISCV -DUNICORN_HAS_S390X -DUNICORN_HAS_TRICORE -fPIC -Wexpansion-to-defined -Wendif-labels -Wno-shift-negative-value -Wno-missing-include-dirs -Wempty-body -Wnested-externs -Wformat-security -Wformat-y2k -Winit-self -Wignored-qualifiers -Wold-style-declaration -Werror -Wold-style-definition -o config-temp/qemu-conf.exe config-temp/qemu-conf.c -m64 -DUNICORN_HAS_X86 -DUNICORN_HAS_ARM -DUNICORN_HAS_ARM64 -DUNICORN_HAS_M68K -DUNICORN_HAS_MIPS -DUNICORN_HAS_MIPSEL -DUNICORN_HAS_MIPS64 -DUNICORN_HAS_MIPS64EL -DUNICORN_HAS_SPARC -DUNICORN_HAS_PPC -DUNICORN_HAS_RISCV -DUNICORN_HAS_S390X -DUNICORN_HAS_TRICORE -fPIC

funcs: do_compiler do_cc compile_prog cc_has_warning_flag main
lines: 93 129 1016 1020 0
/usr/bin/cc -m64 -mcx16 -D_GNU_SOURCE -D_FILE_OFFSET_BITS=64 -D_LARGEFILE_SOURCE -Wstrict-prototypes -Wredundant-decls -Wall -Wundef -Wwrite-strings -Wmissing-prototypes -fno-strict-aliasing -fno-common -fwrapv -std=gnu99 -DUNICORN_HAS_X86 -DUNICORN_HAS_ARM -DUNICORN_HAS_ARM64 -DUNICORN_HAS_M68K -DUNICORN_HAS_MIPS -DUNICORN_HAS_MIPSEL -DUNICORN_HAS_MIPS64 -DUNICORN_HAS_MIPS64EL -DUNICORN_HAS_SPARC -DUNICORN_HAS_PPC -DUNICORN_HAS_RISCV -DUNICORN_HAS_S390X -DUNICORN_HAS_TRICORE -fPIC -Wexpansion-to-defined -Wendif-labels -Wno-shift-negative-value -Wno-missing-include-dirs -Wempty-body -Wnested-externs -Wformat-security -Wformat-y2k -Winit-self -Wignored-qualifiers -Wold-style-declaration -Wold-style-definition -Werror -Wtype-limits -o config-temp/qemu-conf.exe config-temp/qemu-conf.c -m64 -DUNICORN_HAS_X86 -DUNICORN_HAS_ARM -DUNICORN_HAS_ARM64 -DUNICORN_HAS_M68K -DUNICORN_HAS_MIPS -DUNICORN_HAS_MIPSEL -DUNICORN_HAS_MIPS64 -DUNICORN_HAS_MIPS64EL -DUNICORN_HAS_SPARC -DUNICORN_HAS_PPC -DUNICORN_HAS_RISCV -DUNICORN_HAS_S390X -DUNICORN_HAS_TRICORE -fPIC

funcs: do_compiler do_cc main
lines: 93 1041 0
/usr/bin/cc -m64 -mcx16 -D_GNU_SOURCE -D_FILE_OFFSET_BITS=64 -D_LARGEFILE_SOURCE -Wstrict-prototypes -Wredundant-decls -Wall -Wundef -Wwrite-strings -Wmissing-prototypes -fno-strict-aliasing -fno-common -fwrapv -std=gnu99 -DUNICORN_HAS_X86 -DUNICORN_HAS_ARM -DUNICORN_HAS_ARM64 -DUNICORN_HAS_M68K -DUNICORN_HAS_MIPS -DUNICORN_HAS_MIPSEL -DUNICORN_HAS_MIPS64 -DUNICORN_HAS_MIPS64EL -DUNICORN_HAS_SPARC -DUNICORN_HAS_PPC -DUNICORN_HAS_RISCV -DUNICORN_HAS_S390X -DUNICORN_HAS_TRICORE -fPIC -Wexpansion-to-defined -Wendif-labels -Wno-shift-negative-value -Wno-missing-include-dirs -Wempty-body -Wnested-externs -Wformat-security -Wformat-y2k -Winit-self -Wignored-qualifiers -Wold-style-declaration -Wold-style-definition -Wtype-limits -Werror -fstack-protector-strong -c -o config-temp/qemu-conf.o config-temp/qemu-conf.c

funcs: do_compiler do_cc compile_prog main
lines: 93 129 1042 0
/usr/bin/cc -m64 -mcx16 -D_GNU_SOURCE -D_FILE_OFFSET_BITS=64 -D_LARGEFILE_SOURCE -Wstrict-prototypes -Wredundant-decls -Wall -Wundef -Wwrite-strings -Wmissing-prototypes -fno-strict-aliasing -fno-common -fwrapv -std=gnu99 -DUNICORN_HAS_X86 -DUNICORN_HAS_ARM -DUNICORN_HAS_ARM64 -DUNICORN_HAS_M68K -DUNICORN_HAS_MIPS -DUNICORN_HAS_MIPSEL -DUNICORN_HAS_MIPS64 -DUNICORN_HAS_MIPS64EL -DUNICORN_HAS_SPARC -DUNICORN_HAS_PPC -DUNICORN_HAS_RISCV -DUNICORN_HAS_S390X -DUNICORN_HAS_TRICORE -fPIC -Wexpansion-to-defined -Wendif-labels -Wno-shift-negative-value -Wno-missing-include-dirs -Wempty-body -Wnested-externs -Wformat-security -Wformat-y2k -Winit-self -Wignored-qualifiers -Wold-style-declaration -Wold-style-definition -Wtype-limits -Werror -fstack-protector-strong -o config-temp/qemu-conf.exe config-temp/qemu-conf.c -m64 -DUNICORN_HAS_X86 -DUNICORN_HAS_ARM -DUNICORN_HAS_ARM64 -DUNICORN_HAS_M68K -DUNICORN_HAS_MIPS -DUNICORN_HAS_MIPSEL -DUNICORN_HAS_MIPS64 -DUNICORN_HAS_MIPS64EL -DUNICORN_HAS_SPARC -DUNICORN_HAS_PPC -DUNICORN_HAS_RISCV -DUNICORN_HAS_S390X -DUNICORN_HAS_TRICORE -fPIC

funcs: do_compiler do_cc compile_object main
lines: 93 123 1063 0
/usr/bin/cc -m64 -mcx16 -D_GNU_SOURCE -D_FILE_OFFSET_BITS=64 -D_LARGEFILE_SOURCE -Wstrict-prototypes -Wredundant-decls -Wall -Wundef -Wwrite-strings -Wmissing-prototypes -fno-strict-aliasing -fno-common -fwrapv -std=gnu99 -DUNICORN_HAS_X86 -DUNICORN_HAS_ARM -DUNICORN_HAS_ARM64 -DUNICORN_HAS_M68K -DUNICORN_HAS_MIPS -DUNICORN_HAS_MIPSEL -DUNICORN_HAS_MIPS64 -DUNICORN_HAS_MIPS64EL -DUNICORN_HAS_SPARC -DUNICORN_HAS_PPC -DUNICORN_HAS_RISCV -DUNICORN_HAS_S390X -DUNICORN_HAS_TRICORE -fPIC -Wexpansion-to-defined -Wendif-labels -Wno-shift-negative-value -Wno-missing-include-dirs -Wempty-body -Wnested-externs -Wformat-security -Wformat-y2k -Winit-self -Wignored-qualifiers -Wold-style-declaration -Wold-style-definition -Wtype-limits -fstack-protector-strong -Werror -c -o config-temp/qemu-conf.o config-temp/qemu-conf.c

funcs: do_compiler do_cc compile_prog main
lines: 93 129 1075 0
/usr/bin/cc -m64 -mcx16 -D_GNU_SOURCE -D_FILE_OFFSET_BITS=64 -D_LARGEFILE_SOURCE -Wstrict-prototypes -Wredundant-decls -Wall -Wundef -Wwrite-strings -Wmissing-prototypes -fno-strict-aliasing -fno-common -fwrapv -std=gnu99 -DUNICORN_HAS_X86 -DUNICORN_HAS_ARM -DUNICORN_HAS_ARM64 -DUNICORN_HAS_M68K -DUNICORN_HAS_MIPS -DUNICORN_HAS_MIPSEL -DUNICORN_HAS_MIPS64 -DUNICORN_HAS_MIPS64EL -DUNICORN_HAS_SPARC -DUNICORN_HAS_PPC -DUNICORN_HAS_RISCV -DUNICORN_HAS_S390X -DUNICORN_HAS_TRICORE -fPIC -Wexpansion-to-defined -Wendif-labels -Wno-shift-negative-value -Wno-missing-include-dirs -Wempty-body -Wnested-externs -Wformat-security -Wformat-y2k -Winit-self -Wignored-qualifiers -Wold-style-declaration -Wold-style-definition -Wtype-limits -fstack-protector-strong -Werror -o config-temp/qemu-conf.exe config-temp/qemu-conf.c -m64 -DUNICORN_HAS_X86 -DUNICORN_HAS_ARM -DUNICORN_HAS_ARM64 -DUNICORN_HAS_M68K -DUNICORN_HAS_MIPS -DUNICORN_HAS_MIPSEL -DUNICORN_HAS_MIPS64 -DUNICORN_HAS_MIPS64EL -DUNICORN_HAS_SPARC -DUNICORN_HAS_PPC -DUNICORN_HAS_RISCV -DUNICORN_HAS_S390X -DUNICORN_HAS_TRICORE -fPIC -fstack-protector-strong

funcs: do_compiler do_cc compile_prog main
lines: 93 129 1105 0
/usr/bin/cc -m64 -mcx16 -D_GNU_SOURCE -D_FILE_OFFSET_BITS=64 -D_LARGEFILE_SOURCE -Wstrict-prototypes -Wredundant-decls -Wall -Wundef -Wwrite-strings -Wmissing-prototypes -fno-strict-aliasing -fno-common -fwrapv -std=gnu99 -DUNICORN_HAS_X86 -DUNICORN_HAS_ARM -DUNICORN_HAS_ARM64 -DUNICORN_HAS_M68K -DUNICORN_HAS_MIPS -DUNICORN_HAS_MIPSEL -DUNICORN_HAS_MIPS64 -DUNICORN_HAS_MIPS64EL -DUNICORN_HAS_SPARC -DUNICORN_HAS_PPC -DUNICORN_HAS_RISCV -DUNICORN_HAS_S390X -DUNICORN_HAS_TRICORE -fPIC -Wexpansion-to-defined -Wendif-labels -Wno-shift-negative-value -Wno-missing-include-dirs -Wempty-body -Wnested-externs -Wformat-security -Wformat-y2k -Winit-self -Wignored-qualifiers -Wold-style-declaration -Wold-style-definition -Wtype-limits -fstack-protector-strong -Werror -fPIE -DPIE -o config-temp/qemu-conf.exe config-temp/qemu-conf.c -m64 -DUNICORN_HAS_X86 -DUNICORN_HAS_ARM -DUNICORN_HAS_ARM64 -DUNICORN_HAS_M68K -DUNICORN_HAS_MIPS -DUNICORN_HAS_MIPSEL -DUNICORN_HAS_MIPS64 -DUNICORN_HAS_MIPS64EL -DUNICORN_HAS_SPARC -DUNICORN_HAS_PPC -DUNICORN_HAS_RISCV -DUNICORN_HAS_S390X -DUNICORN_HAS_TRICORE -fPIC -fstack-protector-strong -pie

funcs: do_compiler do_cc compile_prog main
lines: 93 129 1118 0
/usr/bin/cc -fPIE -DPIE -m64 -mcx16 -D_GNU_SOURCE -D_FILE_OFFSET_BITS=64 -D_LARGEFILE_SOURCE -Wstrict-prototypes -Wredundant-decls -Wall -Wundef -Wwrite-strings -Wmissing-prototypes -fno-strict-aliasing -fno-common -fwrapv -std=gnu99 -DUNICORN_HAS_X86 -DUNICORN_HAS_ARM -DUNICORN_HAS_ARM64 -DUNICORN_HAS_M68K -DUNICORN_HAS_MIPS -DUNICORN_HAS_MIPSEL -DUNICORN_HAS_MIPS64 -DUNICORN_HAS_MIPS64EL -DUNICORN_HAS_SPARC -DUNICORN_HAS_PPC -DUNICORN_HAS_RISCV -DUNICORN_HAS_S390X -DUNICORN_HAS_TRICORE -fPIC -Wexpansion-to-defined -Wendif-labels -Wno-shift-negative-value -Wno-missing-include-dirs -Wempty-body -Wnested-externs -Wformat-security -Wformat-y2k -Winit-self -Wignored-qualifiers -Wold-style-declaration -Wold-style-definition -Wtype-limits -fstack-protector-strong -o config-temp/qemu-conf.exe config-temp/qemu-conf.c -pie -m64 -DUNICORN_HAS_X86 -DUNICORN_HAS_ARM -DUNICORN_HAS_ARM64 -DUNICORN_HAS_M68K -DUNICORN_HAS_MIPS -DUNICORN_HAS_MIPSEL -DUNICORN_HAS_MIPS64 -DUNICORN_HAS_MIPS64EL -DUNICORN_HAS_SPARC -DUNICORN_HAS_PPC -DUNICORN_HAS_RISCV -DUNICORN_HAS_S390X -DUNICORN_HAS_TRICORE -fPIC -fstack-protector-strong -Wl,-z,relro -Wl,-z,now

funcs: do_compiler do_cc compile_object main
lines: 93 123 1224 0
/usr/bin/cc -fPIE -DPIE -m64 -mcx16 -D_GNU_SOURCE -D_FILE_OFFSET_BITS=64 -D_LARGEFILE_SOURCE -Wstrict-prototypes -Wredundant-decls -Wall -Wundef -Wwrite-strings -Wmissing-prototypes -fno-strict-aliasing -fno-common -fwrapv -std=gnu99 -DUNICORN_HAS_X86 -DUNICORN_HAS_ARM -DUNICORN_HAS_ARM64 -DUNICORN_HAS_M68K -DUNICORN_HAS_MIPS -DUNICORN_HAS_MIPSEL -DUNICORN_HAS_MIPS64 -DUNICORN_HAS_MIPS64EL -DUNICORN_HAS_SPARC -DUNICORN_HAS_PPC -DUNICORN_HAS_RISCV -DUNICORN_HAS_S390X -DUNICORN_HAS_TRICORE -fPIC -Wexpansion-to-defined -Wendif-labels -Wno-shift-negative-value -Wno-missing-include-dirs -Wempty-body -Wnested-externs -Wformat-security -Wformat-y2k -Winit-self -Wignored-qualifiers -Wold-style-declaration -Wold-style-definition -Wtype-limits -fstack-protector-strong -c -o config-temp/qemu-conf.o config-temp/qemu-conf.c

funcs: do_compiler do_cc compile_prog main
lines: 93 129 1257 0
/usr/bin/cc -fPIE -DPIE -m64 -mcx16 -D_GNU_SOURCE -D_FILE_OFFSET_BITS=64 -D_LARGEFILE_SOURCE -Wstrict-prototypes -Wredundant-decls -Wall -Wundef -Wwrite-strings -Wmissing-prototypes -fno-strict-aliasing -fno-common -fwrapv -std=gnu99 -DUNICORN_HAS_X86 -DUNICORN_HAS_ARM -DUNICORN_HAS_ARM64 -DUNICORN_HAS_M68K -DUNICORN_HAS_MIPS -DUNICORN_HAS_MIPSEL -DUNICORN_HAS_MIPS64 -DUNICORN_HAS_MIPS64EL -DUNICORN_HAS_SPARC -DUNICORN_HAS_PPC -DUNICORN_HAS_RISCV -DUNICORN_HAS_S390X -DUNICORN_HAS_TRICORE -fPIC -Wexpansion-to-defined -Wendif-labels -Wno-shift-negative-value -Wno-missing-include-dirs -Wempty-body -Wnested-externs -Wformat-security -Wformat-y2k -Winit-self -Wignored-qualifiers -Wold-style-declaration -Wold-style-definition -Wtype-limits -fstack-protector-strong -o config-temp/qemu-conf.exe config-temp/qemu-conf.c -Wl,-z,relro -Wl,-z,now -pie -m64 -DUNICORN_HAS_X86 -DUNICORN_HAS_ARM -DUNICORN_HAS_ARM64 -DUNICORN_HAS_M68K -DUNICORN_HAS_MIPS -DUNICORN_HAS_MIPSEL -DUNICORN_HAS_MIPS64 -DUNICORN_HAS_MIPS64EL -DUNICORN_HAS_SPARC -DUNICORN_HAS_PPC -DUNICORN_HAS_RISCV -DUNICORN_HAS_S390X -DUNICORN_HAS_TRICORE -fPIC -fstack-protector-strong

funcs: do_compiler do_cc compile_prog main
lines: 93 129 1298 0
/usr/bin/cc -fPIE -DPIE -m64 -mcx16 -D_GNU_SOURCE -D_FILE_OFFSET_BITS=64 -D_LARGEFILE_SOURCE -Wstrict-prototypes -Wredundant-decls -Wall -Wundef -Wwrite-strings -Wmissing-prototypes -fno-strict-aliasing -fno-common -fwrapv -std=gnu99 -DUNICORN_HAS_X86 -DUNICORN_HAS_ARM -DUNICORN_HAS_ARM64 -DUNICORN_HAS_M68K -DUNICORN_HAS_MIPS -DUNICORN_HAS_MIPSEL -DUNICORN_HAS_MIPS64 -DUNICORN_HAS_MIPS64EL -DUNICORN_HAS_SPARC -DUNICORN_HAS_PPC -DUNICORN_HAS_RISCV -DUNICORN_HAS_S390X -DUNICORN_HAS_TRICORE -fPIC -Wexpansion-to-defined -Wendif-labels -Wno-shift-negative-value -Wno-missing-include-dirs -Wempty-body -Wnested-externs -Wformat-security -Wformat-y2k -Winit-self -Wignored-qualifiers -Wold-style-declaration -Wold-style-definition -Wtype-limits -fstack-protector-strong -o config-temp/qemu-conf.exe config-temp/qemu-conf.c -Wl,-z,relro -Wl,-z,now -pie -m64 -DUNICORN_HAS_X86 -DUNICORN_HAS_ARM -DUNICORN_HAS_ARM64 -DUNICORN_HAS_M68K -DUNICORN_HAS_MIPS -DUNICORN_HAS_MIPSEL -DUNICORN_HAS_MIPS64 -DUNICORN_HAS_MIPS64EL -DUNICORN_HAS_SPARC -DUNICORN_HAS_PPC -DUNICORN_HAS_RISCV -DUNICORN_HAS_S390X -DUNICORN_HAS_TRICORE -fPIC -fstack-protector-strong

funcs: do_compiler do_cc compile_prog main
lines: 93 129 1315 0
/usr/bin/cc -fPIE -DPIE -m64 -mcx16 -D_GNU_SOURCE -D_FILE_OFFSET_BITS=64 -D_LARGEFILE_SOURCE -Wstrict-prototypes -Wredundant-decls -Wall -Wundef -Wwrite-strings -Wmissing-prototypes -fno-strict-aliasing -fno-common -fwrapv -std=gnu99 -DUNICORN_HAS_X86 -DUNICORN_HAS_ARM -DUNICORN_HAS_ARM64 -DUNICORN_HAS_M68K -DUNICORN_HAS_MIPS -DUNICORN_HAS_MIPSEL -DUNICORN_HAS_MIPS64 -DUNICORN_HAS_MIPS64EL -DUNICORN_HAS_SPARC -DUNICORN_HAS_PPC -DUNICORN_HAS_RISCV -DUNICORN_HAS_S390X -DUNICORN_HAS_TRICORE -fPIC -Wexpansion-to-defined -Wendif-labels -Wno-shift-negative-value -Wno-missing-include-dirs -Wempty-body -Wnested-externs -Wformat-security -Wformat-y2k -Winit-self -Wignored-qualifiers -Wold-style-declaration -Wold-style-definition -Wtype-limits -fstack-protector-strong -o config-temp/qemu-conf.exe config-temp/qemu-conf.c -Wl,-z,relro -Wl,-z,now -pie -m64 -DUNICORN_HAS_X86 -DUNICORN_HAS_ARM -DUNICORN_HAS_ARM64 -DUNICORN_HAS_M68K -DUNICORN_HAS_MIPS -DUNICORN_HAS_MIPSEL -DUNICORN_HAS_MIPS64 -DUNICORN_HAS_MIPS64EL -DUNICORN_HAS_SPARC -DUNICORN_HAS_PPC -DUNICORN_HAS_RISCV -DUNICORN_HAS_S390X -DUNICORN_HAS_TRICORE -fPIC -fstack-protector-strong
config-temp/qemu-conf.c: In function ‘f’:
config-temp/qemu-conf.c:3:46: warning: passing argument 1 of ‘pthread_setname_np’ makes integer from pointer without a cast [-Wint-conversion]
    3 | static void *f(void *p) { pthread_setname_np("QEMU"); }
      |                                              ^~~~~~
      |                                              |
      |                                              const char *
In file included from config-temp/qemu-conf.c:1:
/usr/include/pthread.h:463:42: note: expected ‘pthread_t’ {aka ‘long unsigned int’} but argument is of type ‘const char *’
  463 | extern int pthread_setname_np (pthread_t __target_thread, const char *__name)
      |                                ~~~~~~~~~~^~~~~~~~~~~~~~~
config-temp/qemu-conf.c:3:27: error: too few arguments to function ‘pthread_setname_np’
    3 | static void *f(void *p) { pthread_setname_np("QEMU"); }
      |                           ^~~~~~~~~~~~~~~~~~
/usr/include/pthread.h:463:12: note: declared here
  463 | extern int pthread_setname_np (pthread_t __target_thread, const char *__name)
      |            ^~~~~~~~~~~~~~~~~~
config-temp/qemu-conf.c:3:1: warning: no return statement in function returning non-void [-Wreturn-type]
    3 | static void *f(void *p) { pthread_setname_np("QEMU"); }
      | ^~~~~~

funcs: do_compiler do_cc compile_prog main
lines: 93 129 1341 0
/usr/bin/cc -fPIE -DPIE -m64 -mcx16 -D_GNU_SOURCE -D_FILE_OFFSET_BITS=64 -D_LARGEFILE_SOURCE -Wstrict-prototypes -Wredundant-decls -Wall -Wundef -Wwrite-strings -Wmissing-prototypes -fno-strict-aliasing -fno-common -fwrapv -std=gnu99 -DUNICORN_HAS_X86 -DUNICORN_HAS_ARM -DUNICORN_HAS_ARM64 -DUNICORN_HAS_M68K -DUNICORN_HAS_MIPS -DUNICORN_HAS_MIPSEL -DUNICORN_HAS_MIPS64 -DUNICORN_HAS_MIPS64EL -DUNICORN_HAS_SPARC -DUNICORN_HAS_PPC -DUNICORN_HAS_RISCV -DUNICORN_HAS_S390X -DUNICORN_HAS_TRICORE -fPIC -Wexpansion-to-defined -Wendif-labels -Wno-shift-negative-value -Wno-missing-include-dirs -Wempty-body -Wnested-externs -Wformat-security -Wformat-y2k -Winit-self -Wignored-qualifiers -Wold-style-declaration -Wold-style-definition -Wtype-limits -fstack-protector-strong -o config-temp/qemu-conf.exe config-temp/qemu-conf.c -Wl,-z,relro -Wl,-z,now -pie -m64 -DUNICORN_HAS_X86 -DUNICORN_HAS_ARM -DUNICORN_HAS_ARM64 -DUNICORN_HAS_M68K -DUNICORN_HAS_MIPS -DUNICORN_HAS_MIPSEL -DUNICORN_HAS_MIPS64 -DUNICORN_HAS_MIPS64EL -DUNICORN_HAS_SPARC -DUNICORN_HAS_PPC -DUNICORN_HAS_RISCV -DUNICORN_HAS_S390X -DUNICORN_HAS_TRICORE -fPIC -fstack-protector-strong

funcs: do_compiler do_cc compile_prog main
lines: 93 129 1390 0
/usr/bin/cc -fPIE -DPIE -m64 -mcx16 -D_GNU_SOURCE -D_FILE_OFFSET_BITS=64 -D_LARGEFILE_SOURCE -Wstrict-prototypes -Wredundant-decls -Wall -Wundef -Wwrite-strings -Wmissing-prototypes -fno-strict-aliasing -fno-common -fwrapv -std=gnu99 -DUNICORN_HAS_X86 -DUNICORN_HAS_ARM -DUNICORN_HAS_ARM64 -DUNICORN_HAS_M68K -DUNICORN_HAS_MIPS -DUNICORN_HAS_MIPSEL -DUNICORN_HAS_MIPS64 -DUNICORN_HAS_MIPS64EL -DUNICORN_HAS_SPARC -DUNICORN_HAS_PPC -DUNICORN_HAS_RISCV -DUNICORN_HAS_S390X -DUNICORN_HAS_TRICORE -fPIC -Wexpansion-to-defined -Wendif-labels -Wno-shift-negative-value -Wno-missing-include-dirs -Wempty-body -Wnested-externs -Wformat-security -Wformat-y2k -Winit-self -Wignored-qualifiers -Wold-style-declaration -Wold-style-definition -Wtype-limits -fstack-protector-strong -o config-temp/qemu-conf.exe config-temp/qemu-conf.c -Wl,-z,relro -Wl,-z,now -pie -m64 -DUNICORN_HAS_X86 -DUNICORN_HAS_ARM -DUNICORN_HAS_ARM64 -DUNICORN_HAS_M68K -DUNICORN_HAS_MIPS -DUNICORN_HAS_MIPSEL -DUNICORN_HAS_MIPS64 -DUNICORN_HAS_MIPS64EL -DUNICORN_HAS_SPARC -DUNICORN_HAS_PPC -DUNICORN_HAS_RISCV -DUNICORN_HAS_S390X -DUNICORN_HAS_TRICORE -fPIC -fstack-protector-strong

funcs: do_compiler do_cc compile_prog main
lines: 93 129 1405 0
/usr/bin/cc -fPIE -DPIE -m64 -mcx16 -D_GNU_SOURCE -D_FILE_OFFSET_BITS=64 -D_LARGEFILE_SOURCE -Wstrict-prototypes -Wredundant-decls -Wall -Wundef -Wwrite-strings -Wmissing-prototypes -fno-strict-aliasing -fno-common -fwrapv -std=gnu99 -DUNICORN_HAS_X86 -DUNICORN_HAS_ARM -DUNICORN_HAS_ARM64 -DUNICORN_HAS_M68K -DUNICORN_HAS_MIPS -DUNICORN_HAS_MIPSEL -DUNICORN_HAS_MIPS64 -DUNICORN_HAS_MIPS64EL -DUNICORN_HAS_SPARC -DUNICORN_HAS_PPC -DUNICORN_HAS_RISCV -DUNICORN_HAS_S390X -DUNICORN_HAS_TRICORE -fPIC -Wexpansion-to-defined -Wendif-labels -Wno-shift-negative-value -Wno-missing-include-dirs -Wempty-body -Wnested-externs -Wformat-security -Wformat-y2k -Winit-self -Wignored-qualifiers -Wold-style-declaration -Wold-style-definition -Wtype-limits -fstack-protector-strong -o config-temp/qemu-conf.exe config-temp/qemu-conf.c -Wl,-z,relro -Wl,-z,now -pie -m64 -DUNICORN_HAS_X86 -DUNICORN_HAS_ARM -DUNICORN_HAS_ARM64 -DUNICORN_HAS_M68K -DUNICORN_HAS_MIPS -DUNICORN_HAS_MIPSEL -DUNICORN_HAS_MIPS64 -DUNICORN_HAS_MIPS64EL -DUNICORN_HAS_SPARC -DUNICORN_HAS_PPC -DUNICORN_HAS_RISCV -DUNICORN_HAS_S390X -DUNICORN_HAS_TRICORE -fPIC -fstack-protector-strong

funcs: do_compiler do_cc compile_prog main
lines: 93 129 1420 0
/usr/bin/cc -fPIE -DPIE -m64 -mcx16 -D_GNU_SOURCE -D_FILE_OFFSET_BITS=64 -D_LARGEFILE_SOURCE -Wstrict-prototypes -Wredundant-decls -Wall -Wundef -Wwrite-strings -Wmissing-prototypes -fno-strict-aliasing -fno-common -fwrapv -std=gnu99 -DUNICORN_HAS_X86 -DUNICORN_HAS_ARM -DUNICORN_HAS_ARM64 -DUNICORN_HAS_M68K -DUNICORN_HAS_MIPS -DUNICORN_HAS_MIPSEL -DUNICORN_HAS_MIPS64 -DUNICORN_HAS_MIPS64EL -DUNICORN_HAS_SPARC -DUNICORN_HAS_PPC -DUNICORN_HAS_RISCV -DUNICORN_HAS_S390X -DUNICORN_HAS_TRICORE -fPIC -Wexpansion-to-defined -Wendif-labels -Wno-shift-negative-value -Wno-missing-include-dirs -Wempty-body -Wnested-externs -Wformat-security -Wformat-y2k -Winit-self -Wignored-qualifiers -Wold-style-declaration -Wold-style-definition -Wtype-limits -fstack-protector-strong -o config-temp/qemu-conf.exe config-temp/qemu-conf.c -Wl,-z,relro -Wl,-z,now -pie -m64 -DUNICORN_HAS_X86 -DUNICORN_HAS_ARM -DUNICORN_HAS_ARM64 -DUNICORN_HAS_M68K -DUNICORN_HAS_MIPS -DUNICORN_HAS_MIPSEL -DUNICORN_HAS_MIPS64 -DUNICORN_HAS_MIPS64EL -DUNICORN_HAS_SPARC -DUNICORN_HAS_PPC -DUNICORN_HAS_RISCV -DUNICORN_HAS_S390X -DUNICORN_HAS_TRICORE -fPIC -fstack-protector-strong

funcs: do_compiler do_cc compile_prog main
lines: 93 129 1435 0
/usr/bin/cc -fPIE -DPIE -m64 -mcx16 -D_GNU_SOURCE -D_FILE_OFFSET_BITS=64 -D_LARGEFILE_SOURCE -Wstrict-prototypes -Wredundant-decls -Wall -Wundef -Wwrite-strings -Wmissing-prototypes -fno-strict-aliasing -fno-common -fwrapv -std=gnu99 -DUNICORN_HAS_X86 -DUNICORN_HAS_ARM -DUNICORN_HAS_ARM64 -DUNICORN_HAS_M68K -DUNICORN_HAS_MIPS -DUNICORN_HAS_MIPSEL -DUNICORN_HAS_MIPS64 -DUNICORN_HAS_MIPS64EL -DUNICORN_HAS_SPARC -DUNICORN_HAS_PPC -DUNICORN_HAS_RISCV -DUNICORN_HAS_S390X -DUNICORN_HAS_TRICORE -fPIC -Wexpansion-to-defined -Wendif-labels -Wno-shift-negative-value -Wno-missing-include-dirs -Wempty-body -Wnested-externs -Wformat-security -Wformat-y2k -Winit-self -Wignored-qualifiers -Wold-style-declaration -Wold-style-definition -Wtype-limits -fstack-protector-strong -o config-temp/qemu-conf.exe config-temp/qemu-conf.c -Wl,-z,relro -Wl,-z,now -pie -m64 -DUNICORN_HAS_X86 -DUNICORN_HAS_ARM -DUNICORN_HAS_ARM64 -DUNICORN_HAS_M68K -DUNICORN_HAS_MIPS -DUNICORN_HAS_MIPSEL -DUNICORN_HAS_MIPS64 -DUNICORN_HAS_MIPS64EL -DUNICORN_HAS_SPARC -DUNICORN_HAS_PPC -DUNICORN_HAS_RISCV -DUNICORN_HAS_S390X -DUNICORN_HAS_TRICORE -fPIC -fstack-protector-strong

funcs: do_compiler do_cc compile_prog main
lines: 93 129 1450 0
/usr/bin/cc -fPIE -DPIE -m64 -mcx16 -D_GNU_SOURCE -D_FILE_OFFSET_BITS=64 -D_LARGEFILE_SOURCE -Wstrict-prototypes -Wredundant-decls -Wall -Wundef -Wwrite-strings -Wmissing-prototypes -fno-strict-aliasing -fno-common -fwrapv -std=gnu99 -DUNICORN_HAS_X86 -DUNICORN_HAS_ARM -DUNICORN_HAS_ARM64 -DUNICORN_HAS_M68K -DUNICORN_HAS_MIPS -DUNICORN_HAS_MIPSEL -DUNICORN_HAS_MIPS64 -DUNICORN_HAS_MIPS64EL -DUNICORN_HAS_SPARC -DUNICORN_HAS_PPC -DUNICORN_HAS_RISCV -DUNICORN_HAS_S390X -DUNICORN_HAS_TRICORE -fPIC -Wexpansion-to-defined -Wendif-labels -Wno-shift-negative-value -Wno-missing-include-dirs -Wempty-body -Wnested-externs -Wformat-security -Wformat-y2k -Winit-self -Wignored-qualifiers -Wold-style-declaration -Wold-style-definition -Wtype-limits -fstack-protector-strong -o config-temp/qemu-conf.exe config-temp/qemu-conf.c -Wl,-z,relro -Wl,-z,now -pie -m64 -DUNICORN_HAS_X86 -DUNICORN_HAS_ARM -DUNICORN_HAS_ARM64 -DUNICORN_HAS_M68K -DUNICORN_HAS_MIPS -DUNICORN_HAS_MIPSEL -DUNICORN_HAS_MIPS64 -DUNICORN_HAS_MIPS64EL -DUNICORN_HAS_SPARC -DUNICORN_HAS_PPC -DUNICORN_HAS_RISCV -DUNICORN_HAS_S390X -DUNICORN_HAS_TRICORE -fPIC -fstack-protector-strong

funcs: do_compiler do_cc compile_prog main
lines: 93 129 1465 0
/usr/bin/cc -fPIE -DPIE -m64 -mcx16 -D_GNU_SOURCE -D_FILE_OFFSET_BITS=64 -D_LARGEFILE_SOURCE -Wstrict-prototypes -Wredundant-decls -Wall -Wundef -Wwrite-strings -Wmissing-prototypes -fno-strict-aliasing -fno-common -fwrapv -std=gnu99 -DUNICORN_HAS_X86 -DUNICORN_HAS_ARM -DUNICORN_HAS_ARM64 -DUNICORN_HAS_M68K -DUNICORN_HAS_MIPS -DUNICORN_HAS_MIPSEL -DUNICORN_HAS_MIPS64 -DUNICORN_HAS_MIPS64EL -DUNICORN_HAS_SPARC -DUNICORN_HAS_PPC -DUNICORN_HAS_RISCV -DUNICORN_HAS_S390X -DUNICORN_HAS_TRICORE -fPIC -Wexpansion-to-defined -Wendif-labels -Wno-shift-negative-value -Wno-missing-include-dirs -Wempty-body -Wnested-externs -Wformat-security -Wformat-y2k -Winit-self -Wignored-qualifiers -Wold-style-declaration -Wold-style-definition -Wtype-limits -fstack-protector-strong -o config-temp/qemu-conf.exe config-temp/qemu-conf.c -Wl,-z,relro -Wl,-z,now -pie -m64 -DUNICORN_HAS_X86 -DUNICORN_HAS_ARM -DUNICORN_HAS_ARM64 -DUNICORN_HAS_M68K -DUNICORN_HAS_MIPS -DUNICORN_HAS_MIPSEL -DUNICORN_HAS_MIPS64 -DUNICORN_HAS_MIPS64EL -DUNICORN_HAS_SPARC -DUNICORN_HAS_PPC -DUNICORN_HAS_RISCV -DUNICORN_HAS_S390X -DUNICORN_HAS_TRICORE -fPIC -fstack-protector-strong
config-temp/qemu-conf.c: In function ‘main’:
config-temp/qemu-conf.c:5:12: warning: argument 2 null where non-null expected [-Wnonnull]
    5 |     return clock_adjtime(0, 0);
      |            ^~~~~~~~~~~~~
In file included from /usr/include/time.h:33,
                 from config-temp/qemu-conf.c:1:
/usr/include/bits/time.h:78:12: note: in a call to function ‘clock_adjtime’ declared ‘nonnull’
   78 | extern int clock_adjtime (__clockid_t __clock_id, struct timex *__utx) __THROW __nonnull((2));
      |            ^~~~~~~~~~~~~

funcs: do_compiler do_cc compile_prog main
lines: 93 129 1480 0
/usr/bin/cc -fPIE -DPIE -m64 -mcx16 -D_GNU_SOURCE -D_FILE_OFFSET_BITS=64 -D_LARGEFILE_SOURCE -Wstrict-prototypes -Wredundant-decls -Wall -Wundef -Wwrite-strings -Wmissing-prototypes -fno-strict-aliasing -fno-common -fwrapv -std=gnu99 -DUNICORN_HAS_X86 -DUNICORN_HAS_ARM -DUNICORN_HAS_ARM64 -DUNICORN_HAS_M68K -DUNICORN_HAS_MIPS -DUNICORN_HAS_MIPSEL -DUNICORN_HAS_MIPS64 -DUNICORN_HAS_MIPS64EL -DUNICORN_HAS_SPARC -DUNICORN_HAS_PPC -DUNICORN_HAS_RISCV -DUNICORN_HAS_S390X -DUNICORN_HAS_TRICORE -fPIC -Wexpansion-to-defined -Wendif-labels -Wno-shift-negative-value -Wno-missing-include-dirs -Wempty-body -Wnested-externs -Wformat-security -Wformat-y2k -Winit-self -Wignored-qualifiers -Wold-style-declaration -Wold-style-definition -Wtype-limits -fstack-protector-strong -o config-temp/qemu-conf.exe config-temp/qemu-conf.c -Wl,-z,relro -Wl,-z,now -pie -m64 -DUNICORN_HAS_X86 -DUNICORN_HAS_ARM -DUNICORN_HAS_ARM64 -DUNICORN_HAS_M68K -DUNICORN_HAS_MIPS -DUNICORN_HAS_MIPSEL -DUNICORN_HAS_MIPS64 -DUNICORN_HAS_MIPS64EL -DUNICORN_HAS_SPARC -DUNICORN_HAS_PPC -DUNICORN_HAS_RISCV -DUNICORN_HAS_S390X -DUNICORN_HAS_TRICORE -fPIC -fstack-protector-strong

funcs: do_compiler do_cc compile_prog main
lines: 93 129 1490 0
/usr/bin/cc -fPIE -DPIE -m64 -mcx16 -D_GNU_SOURCE -D_FILE_OFFSET_BITS=64 -D_LARGEFILE_SOURCE -Wstrict-prototypes -Wredundant-decls -Wall -Wundef -Wwrite-strings -Wmissing-prototypes -fno-strict-aliasing -fno-common -fwrapv -std=gnu99 -DUNICORN_HAS_X86 -DUNICORN_HAS_ARM -DUNICORN_HAS_ARM64 -DUNICORN_HAS_M68K -DUNICORN_HAS_MIPS -DUNICORN_HAS_MIPSEL -DUNICORN_HAS_MIPS64 -DUNICORN_HAS_MIPS64EL -DUNICORN_HAS_SPARC -DUNICORN_HAS_PPC -DUNICORN_HAS_RISCV -DUNICORN_HAS_S390X -DUNICORN_HAS_TRICORE -fPIC -Wexpansion-to-defined -Wendif-labels -Wno-shift-negative-value -Wno-missing-include-dirs -Wempty-body -Wnested-externs -Wformat-security -Wformat-y2k -Winit-self -Wignored-qualifiers -Wold-style-declaration -Wold-style-definition -Wtype-limits -fstack-protector-strong -o config-temp/qemu-conf.exe config-temp/qemu-conf.c -Wl,-z,relro -Wl,-z,now -pie -m64 -DUNICORN_HAS_X86 -DUNICORN_HAS_ARM -DUNICORN_HAS_ARM64 -DUNICORN_HAS_M68K -DUNICORN_HAS_MIPS -DUNICORN_HAS_MIPSEL -DUNICORN_HAS_MIPS64 -DUNICORN_HAS_MIPS64EL -DUNICORN_HAS_SPARC -DUNICORN_HAS_PPC -DUNICORN_HAS_RISCV -DUNICORN_HAS_S390X -DUNICORN_HAS_TRICORE -fPIC -fstack-protector-strong

funcs: do_compiler do_cc compile_prog main
lines: 93 129 1502 0
/usr/bin/cc -fPIE -DPIE -m64 -mcx16 -D_GNU_SOURCE -D_FILE_OFFSET_BITS=64 -D_LARGEFILE_SOURCE -Wstrict-prototypes -Wredundant-decls -Wall -Wundef -Wwrite-strings -Wmissing-prototypes -fno-strict-aliasing -fno-common -fwrapv -std=gnu99 -DUNICORN_HAS_X86 -DUNICORN_HAS_ARM -DUNICORN_HAS_ARM64 -DUNICORN_HAS_M68K -DUNICORN_HAS_MIPS -DUNICORN_HAS_MIPSEL -DUNICORN_HAS_MIPS64 -DUNICORN_HAS_MIPS64EL -DUNICORN_HAS_SPARC -DUNICORN_HAS_PPC -DUNICORN_HAS_RISCV -DUNICORN_HAS_S390X -DUNICORN_HAS_TRICORE -fPIC -Wexpansion-to-defined -Wendif-labels -Wno-shift-negative-value -Wno-missing-include-dirs -Wempty-body -Wnested-externs -Wformat-security -Wformat-y2k -Winit-self -Wignored-qualifiers -Wold-style-declaration -Wold-style-definition -Wtype-limits -fstack-protector-strong -o config-temp/qemu-conf.exe config-temp/qemu-conf.c -Wl,-z,relro -Wl,-z,now -pie -m64 -DUNICORN_HAS_X86 -DUNICORN_HAS_ARM -DUNICORN_HAS_ARM64 -DUNICORN_HAS_M68K -DUNICORN_HAS_MIPS -DUNICORN_HAS_MIPSEL -DUNICORN_HAS_MIPS64 -DUNICORN_HAS_MIPS64EL -DUNICORN_HAS_SPARC -DUNICORN_HAS_PPC -DUNICORN_HAS_RISCV -DUNICORN_HAS_S390X -DUNICORN_HAS_TRICORE -fPIC -fstack-protector-strong
config-temp/qemu-conf.c:1:10: fatal error: sys/endian.h: No such file or directory
    1 | #include <sys/endian.h>
      |          ^~~~~~~~~~~~~~
compilation terminated.

funcs: do_compiler do_cc compile_prog main
lines: 93 129 1512 0
/usr/bin/cc -fPIE -DPIE -m64 -mcx16 -D_GNU_SOURCE -D_FILE_OFFSET_BITS=64 -D_LARGEFILE_SOURCE -Wstrict-prototypes -Wredundant-decls -Wall -Wundef -Wwrite-strings -Wmissing-prototypes -fno-strict-aliasing -fno-common -fwrapv -std=gnu99 -DUNICORN_HAS_X86 -DUNICORN_HAS_ARM -DUNICORN_HAS_ARM64 -DUNICORN_HAS_M68K -DUNICORN_HAS_MIPS -DUNICORN_HAS_MIPSEL -DUNICORN_HAS_MIPS64 -DUNICORN_HAS_MIPS64EL -DUNICORN_HAS_SPARC -DUNICORN_HAS_PPC -DUNICORN_HAS_RISCV -DUNICORN_HAS_S390X -DUNICORN_HAS_TRICORE -fPIC -Wexpansion-to-defined -Wendif-labels -Wno-shift-negative-value -Wno-missing-include-dirs -Wempty-body -Wnested-externs -Wformat-security -Wformat-y2k -Winit-self -Wignored-qualifiers -Wold-style-declaration -Wold-style-definition -Wtype-limits -fstack-protector-strong -o config-temp/qemu-conf.exe config-temp/qemu-conf.c -Wl,-z,relro -Wl,-z,now -pie -m64 -DUNICORN_HAS_X86 -DUNICORN_HAS_ARM -DUNICORN_HAS_ARM64 -DUNICORN_HAS_M68K -DUNICORN_HAS_MIPS -DUNICORN_HAS_MIPSEL -DUNICORN_HAS_MIPS64 -DUNICORN_HAS_MIPS64EL -DUNICORN_HAS_SPARC -DUNICORN_HAS_PPC -DUNICORN_HAS_RISCV -DUNICORN_HAS_S390X -DUNICORN_HAS_TRICORE -fPIC -fstack-protector-strong
/usr/bin/ld: /tmp/ccuqOhPN.o: in function `main':
qemu-conf.c:(.text+0x23): undefined reference to `sin'
collect2: error: ld returned 1 exit status

funcs: do_compiler do_cc compile_prog main
lines: 93 129 1514 0
/usr/bin/cc -fPIE -DPIE -m64 -mcx16 -D_GNU_SOURCE -D_FILE_OFFSET_BITS=64 -D_LARGEFILE_SOURCE -Wstrict-prototypes -Wredundant-decls -Wall -Wundef -Wwrite-strings -Wmissing-prototypes -fno-strict-aliasing -fno-common -fwrapv -std=gnu99 -DUNICORN_HAS_X86 -DUNICORN_HAS_ARM -DUNICORN_HAS_ARM64 -DUNICORN_HAS_M68K -DUNICORN_HAS_MIPS -DUNICORN_HAS_MIPSEL -DUNICORN_HAS_MIPS64 -DUNICORN_HAS_MIPS64EL -DUNICORN_HAS_SPARC -DUNICORN_HAS_PPC -DUNICORN_HAS_RISCV -DUNICORN_HAS_S390X -DUNICORN_HAS_TRICORE -fPIC -Wexpansion-to-defined -Wendif-labels -Wno-shift-negative-value -Wno-missing-include-dirs -Wempty-body -Wnested-externs -Wformat-security -Wformat-y2k -Winit-self -Wignored-qualifiers -Wold-style-declaration -Wold-style-definition -Wtype-limits -fstack-protector-strong -o config-temp/qemu-conf.exe config-temp/qemu-conf.c -Wl,-z,relro -Wl,-z,now -pie -m64 -DUNICORN_HAS_X86 -DUNICORN_HAS_ARM -DUNICORN_HAS_ARM64 -DUNICORN_HAS_M68K -DUNICORN_HAS_MIPS -DUNICORN_HAS_MIPSEL -DUNICORN_HAS_MIPS64 -DUNICORN_HAS_MIPS64EL -DUNICORN_HAS_SPARC -DUNICORN_HAS_PPC -DUNICORN_HAS_RISCV -DUNICORN_HAS_S390X -DUNICORN_HAS_TRICORE -fPIC -fstack-protector-strong -lm

funcs: do_compiler do_cc compile_prog main
lines: 93 129 1535 0
/usr/bin/cc -fPIE -DPIE -m64 -mcx16 -D_GNU_SOURCE -D_FILE_OFFSET_BITS=64 -D_LARGEFILE_SOURCE -Wstrict-prototypes -Wredundant-decls -Wall -Wundef -Wwrite-strings -Wmissing-prototypes -fno-strict-aliasing -fno-common -fwrapv -std=gnu99 -DUNICORN_HAS_X86 -DUNICORN_HAS_ARM -DUNICORN_HAS_ARM64 -DUNICORN_HAS_M68K -DUNICORN_HAS_MIPS -DUNICORN_HAS_MIPSEL -DUNICORN_HAS_MIPS64 -DUNICORN_HAS_MIPS64EL -DUNICORN_HAS_SPARC -DUNICORN_HAS_PPC -DUNICORN_HAS_RISCV -DUNICORN_HAS_S390X -DUNICORN_HAS_TRICORE -fPIC -Wexpansion-to-defined -Wendif-labels -Wno-shift-negative-value -Wno-missing-include-dirs -Wempty-body -Wnested-externs -Wformat-security -Wformat-y2k -Winit-self -Wignored-qualifiers -Wold-style-declaration -Wold-style-definition -Wtype-limits -fstack-protector-strong -o config-temp/qemu-conf.exe config-temp/qemu-conf.c -Wl,-z,relro -Wl,-z,now -pie -m64 -DUNICORN_HAS_X86 -DUNICORN_HAS_ARM -DUNICORN_HAS_ARM64 -DUNICORN_HAS_M68K -DUNICORN_HAS_MIPS -DUNICORN_HAS_MIPSEL -DUNICORN_HAS_MIPS64 -DUNICORN_HAS_MIPS64EL -DUNICORN_HAS_SPARC -DUNICORN_HAS_PPC -DUNICORN_HAS_RISCV -DUNICORN_HAS_S390X -DUNICORN_HAS_TRICORE -fPIC -fstack-protector-strong
config-temp/qemu-conf.c: In function ‘main’:
config-temp/qemu-conf.c:5:10: warning: argument 2 null where non-null expected [-Wnonnull]
    5 |   return clock_gettime(CLOCK_REALTIME, NULL);
      |          ^~~~~~~~~~~~~
In file included from config-temp/qemu-conf.c:2:
/usr/include/time.h:288:12: note: in a call to function ‘clock_gettime’ declared ‘nonnull’
  288 | extern int clock_gettime (clockid_t __clock_id, struct timespec *__tp)
      |            ^~~~~~~~~~~~~

funcs: do_compiler do_cc compile_prog main
lines: 93 129 1548 0
/usr/bin/cc -fPIE -DPIE -m64 -mcx16 -D_GNU_SOURCE -D_FILE_OFFSET_BITS=64 -D_LARGEFILE_SOURCE -Wstrict-prototypes -Wredundant-decls -Wall -Wundef -Wwrite-strings -Wmissing-prototypes -fno-strict-aliasing -fno-common -fwrapv -std=gnu99 -DUNICORN_HAS_X86 -DUNICORN_HAS_ARM -DUNICORN_HAS_ARM64 -DUNICORN_HAS_M68K -DUNICORN_HAS_MIPS -DUNICORN_HAS_MIPSEL -DUNICORN_HAS_MIPS64 -DUNICORN_HAS_MIPS64EL -DUNICORN_HAS_SPARC -DUNICORN_HAS_PPC -DUNICORN_HAS_RISCV -DUNICORN_HAS_S390X -DUNICORN_HAS_TRICORE -fPIC -Wexpansion-to-defined -Wendif-labels -Wno-shift-negative-value -Wno-missing-include-dirs -Wempty-body -Wnested-externs -Wformat-security -Wformat-y2k -Winit-self -Wignored-qualifiers -Wold-style-declaration -Wold-style-definition -Wtype-limits -fstack-protector-strong -o config-temp/qemu-conf.exe config-temp/qemu-conf.c -Wl,-z,relro -Wl,-z,now -pie -m64 -DUNICORN_HAS_X86 -DUNICORN_HAS_ARM -DUNICORN_HAS_ARM64 -DUNICORN_HAS_M68K -DUNICORN_HAS_MIPS -DUNICORN_HAS_MIPSEL -DUNICORN_HAS_MIPS64 -DUNICORN_HAS_MIPS64EL -DUNICORN_HAS_SPARC -DUNICORN_HAS_PPC -DUNICORN_HAS_RISCV -DUNICORN_HAS_S390X -DUNICORN_HAS_TRICORE -fPIC -fstack-protector-strong

funcs: do_compiler do_cc compile_prog main
lines: 93 129 1565 0
/usr/bin/cc -fPIE -DPIE -m64 -mcx16 -D_GNU_SOURCE -D_FILE_OFFSET_BITS=64 -D_LARGEFILE_SOURCE -Wstrict-prototypes -Wredundant-decls -Wall -Wundef -Wwrite-strings -Wmissing-prototypes -fno-strict-aliasing -fno-common -fwrapv -std=gnu99 -DUNICORN_HAS_X86 -DUNICORN_HAS_ARM -DUNICORN_HAS_ARM64 -DUNICORN_HAS_M68K -DUNICORN_HAS_MIPS -DUNICORN_HAS_MIPSEL -DUNICORN_HAS_MIPS64 -DUNICORN_HAS_MIPS64EL -DUNICORN_HAS_SPARC -DUNICORN_HAS_PPC -DUNICORN_HAS_RISCV -DUNICORN_HAS_S390X -DUNICORN_HAS_TRICORE -fPIC -Wexpansion-to-defined -Wendif-labels -Wno-shift-negative-value -Wno-missing-include-dirs -Wempty-body -Wnested-externs -Wformat-security -Wformat-y2k -Winit-self -Wignored-qualifiers -Wold-style-declaration -Wold-style-definition -Wtype-limits -fstack-protector-strong -o config-temp/qemu-conf.exe config-temp/qemu-conf.c -Wl,-z,relro -Wl,-z,now -pie -m64 -DUNICORN_HAS_X86 -DUNICORN_HAS_ARM -DUNICORN_HAS_ARM64 -DUNICORN_HAS_M68K -DUNICORN_HAS_MIPS -DUNICORN_HAS_MIPSEL -DUNICORN_HAS_MIPS64 -DUNICORN_HAS_MIPS64EL -DUNICORN_HAS_SPARC -DUNICORN_HAS_PPC -DUNICORN_HAS_RISCV -DUNICORN_HAS_S390X -DUNICORN_HAS_TRICORE -fPIC -fstack-protector-strong

funcs: do_compiler do_cc compile_prog main
lines: 93 129 1578 0
/usr/bin/cc -fPIE -DPIE -m64 -mcx16 -D_GNU_SOURCE -D_FILE_OFFSET_BITS=64 -D_LARGEFILE_SOURCE -Wstrict-prototypes -Wredundant-decls -Wall -Wundef -Wwrite-strings -Wmissing-prototypes -fno-strict-aliasing -fno-common -fwrapv -std=gnu99 -DUNICORN_HAS_X86 -DUNICORN_HAS_ARM -DUNICORN_HAS_ARM64 -DUNICORN_HAS_M68K -DUNICORN_HAS_MIPS -DUNICORN_HAS_MIPSEL -DUNICORN_HAS_MIPS64 -DUNICORN_HAS_MIPS64EL -DUNICORN_HAS_SPARC -DUNICORN_HAS_PPC -DUNICORN_HAS_RISCV -DUNICORN_HAS_S390X -DUNICORN_HAS_TRICORE -fPIC -Wexpansion-to-defined -Wendif-labels -Wno-shift-negative-value -Wno-missing-include-dirs -Wempty-body -Wnested-externs -Wformat-security -Wformat-y2k -Winit-self -Wignored-qualifiers -Wold-style-declaration -Wold-style-definition -Wtype-limits -fstack-protector-strong -o config-temp/qemu-conf.exe config-temp/qemu-conf.c -Wl,-z,relro -Wl,-z,now -pie -m64 -DUNICORN_HAS_X86 -DUNICORN_HAS_ARM -DUNICORN_HAS_ARM64 -DUNICORN_HAS_M68K -DUNICORN_HAS_MIPS -DUNICORN_HAS_MIPSEL -DUNICORN_HAS_MIPS64 -DUNICORN_HAS_MIPS64EL -DUNICORN_HAS_SPARC -DUNICORN_HAS_PPC -DUNICORN_HAS_RISCV -DUNICORN_HAS_S390X -DUNICORN_HAS_TRICORE -fPIC -fstack-protector-strong

funcs: do_compiler do_cc compile_prog main
lines: 93 129 1593 0
/usr/bin/cc -fPIE -DPIE -m64 -mcx16 -D_GNU_SOURCE -D_FILE_OFFSET_BITS=64 -D_LARGEFILE_SOURCE -Wstrict-prototypes -Wredundant-decls -Wall -Wundef -Wwrite-strings -Wmissing-prototypes -fno-strict-aliasing -fno-common -fwrapv -std=gnu99 -DUNICORN_HAS_X86 -DUNICORN_HAS_ARM -DUNICORN_HAS_ARM64 -DUNICORN_HAS_M68K -DUNICORN_HAS_MIPS -DUNICORN_HAS_MIPSEL -DUNICORN_HAS_MIPS64 -DUNICORN_HAS_MIPS64EL -DUNICORN_HAS_SPARC -DUNICORN_HAS_PPC -DUNICORN_HAS_RISCV -DUNICORN_HAS_S390X -DUNICORN_HAS_TRICORE -fPIC -Wexpansion-to-defined -Wendif-labels -Wno-shift-negative-value -Wno-missing-include-dirs -Wempty-body -Wnested-externs -Wformat-security -Wformat-y2k -Winit-self -Wignored-qualifiers -Wold-style-declaration -Wold-style-definition -Wtype-limits -fstack-protector-strong -o config-temp/qemu-conf.exe config-temp/qemu-conf.c -Wl,-z,relro -Wl,-z,now -pie -m64 -DUNICORN_HAS_X86 -DUNICORN_HAS_ARM -DUNICORN_HAS_ARM64 -DUNICORN_HAS_M68K -DUNICORN_HAS_MIPS -DUNICORN_HAS_MIPSEL -DUNICORN_HAS_MIPS64 -DUNICORN_HAS_MIPS64EL -DUNICORN_HAS_SPARC -DUNICORN_HAS_PPC -DUNICORN_HAS_RISCV -DUNICORN_HAS_S390X -DUNICORN_HAS_TRICORE -fPIC -fstack-protector-strong

funcs: do_compiler do_cc compile_prog main
lines: 93 129 1605 0
/usr/bin/cc -fPIE -DPIE -m64 -mcx16 -D_GNU_SOURCE -D_FILE_OFFSET_BITS=64 -D_LARGEFILE_SOURCE -Wstrict-prototypes -Wredundant-decls -Wall -Wundef -Wwrite-strings -Wmissing-prototypes -fno-strict-aliasing -fno-common -fwrapv -std=gnu99 -DUNICORN_HAS_X86 -DUNICORN_HAS_ARM -DUNICORN_HAS_ARM64 -DUNICORN_HAS_M68K -DUNICORN_HAS_MIPS -DUNICORN_HAS_MIPSEL -DUNICORN_HAS_MIPS64 -DUNICORN_HAS_MIPS64EL -DUNICORN_HAS_SPARC -DUNICORN_HAS_PPC -DUNICORN_HAS_RISCV -DUNICORN_HAS_S390X -DUNICORN_HAS_TRICORE -fPIC -Wexpansion-to-defined -Wendif-labels -Wno-shift-negative-value -Wno-missing-include-dirs -Wempty-body -Wnested-externs -Wformat-security -Wformat-y2k -Winit-self -Wignored-qualifiers -Wold-style-declaration -Wold-style-definition -Wtype-limits -fstack-protector-strong -o config-temp/qemu-conf.exe config-temp/qemu-conf.c -Wl,-z,relro -Wl,-z,now -pie -m64 -DUNICORN_HAS_X86 -DUNICORN_HAS_ARM -DUNICORN_HAS_ARM64 -DUNICORN_HAS_M68K -DUNICORN_HAS_MIPS -DUNICORN_HAS_MIPSEL -DUNICORN_HAS_MIPS64 -DUNICORN_HAS_MIPS64EL -DUNICORN_HAS_SPARC -DUNICORN_HAS_PPC -DUNICORN_HAS_RISCV -DUNICORN_HAS_S390X -DUNICORN_HAS_TRICORE -fPIC -fstack-protector-strong

funcs: do_compiler do_cc compile_prog main
lines: 93 129 1617 0
/usr/bin/cc -fPIE -DPIE -m64 -mcx16 -D_GNU_SOURCE -D_FILE_OFFSET_BITS=64 -D_LARGEFILE_SOURCE -Wstrict-prototypes -Wredundant-decls -Wall -Wundef -Wwrite-strings -Wmissing-prototypes -fno-strict-aliasing -fno-common -fwrapv -std=gnu99 -DUNICORN_HAS_X86 -DUNICORN_HAS_ARM -DUNICORN_HAS_ARM64 -DUNICORN_HAS_M68K -DUNICORN_HAS_MIPS -DUNICORN_HAS_MIPSEL -DUNICORN_HAS_MIPS64 -DUNICORN_HAS_MIPS64EL -DUNICORN_HAS_SPARC -DUNICORN_HAS_PPC -DUNICORN_HAS_RISCV -DUNICORN_HAS_S390X -DUNICORN_HAS_TRICORE -fPIC -Wexpansion-to-defined -Wendif-labels -Wno-shift-negative-value -Wno-missing-include-dirs -Wempty-body -Wnested-externs -Wformat-security -Wformat-y2k -Winit-self -Wignored-qualifiers -Wold-style-declaration -Wold-style-definition -Wtype-limits -fstack-protector-strong -o config-temp/qemu-conf.exe config-temp/qemu-conf.c -Wl,-z,relro -Wl,-z,now -pie -m64 -DUNICORN_HAS_X86 -DUNICORN_HAS_ARM -DUNICORN_HAS_ARM64 -DUNICORN_HAS_M68K -DUNICORN_HAS_MIPS -DUNICORN_HAS_MIPSEL -DUNICORN_HAS_MIPS64 -DUNICORN_HAS_MIPS64EL -DUNICORN_HAS_SPARC -DUNICORN_HAS_PPC -DUNICORN_HAS_RISCV -DUNICORN_HAS_S390X -DUNICORN_HAS_TRICORE -fPIC -fstack-protector-strong

funcs: do_compiler do_cc compile_prog main
lines: 93 129 1632 0
/usr/bin/cc -fPIE -DPIE -m64 -mcx16 -D_GNU_SOURCE -D_FILE_OFFSET_BITS=64 -D_LARGEFILE_SOURCE -Wstrict-prototypes -Wredundant-decls -Wall -Wundef -Wwrite-strings -Wmissing-prototypes -fno-strict-aliasing -fno-common -fwrapv -std=gnu99 -DUNICORN_HAS_X86 -DUNICORN_HAS_ARM -DUNICORN_HAS_ARM64 -DUNICORN_HAS_M68K -DUNICORN_HAS_MIPS -DUNICORN_HAS_MIPSEL -DUNICORN_HAS_MIPS64 -DUNICORN_HAS_MIPS64EL -DUNICORN_HAS_SPARC -DUNICORN_HAS_PPC -DUNICORN_HAS_RISCV -DUNICORN_HAS_S390X -DUNICORN_HAS_TRICORE -fPIC -Wexpansion-to-defined -Wendif-labels -Wno-shift-negative-value -Wno-missing-include-dirs -Wempty-body -Wnested-externs -Wformat-security -Wformat-y2k -Winit-self -Wignored-qualifiers -Wold-style-declaration -Wold-style-definition -Wtype-limits -fstack-protector-strong -o config-temp/qemu-conf.exe config-temp/qemu-conf.c -Wl,-z,relro -Wl,-z,now -pie -m64 -DUNICORN_HAS_X86 -DUNICORN_HAS_ARM -DUNICORN_HAS_ARM64 -DUNICORN_HAS_M68K -DUNICORN_HAS_MIPS -DUNICORN_HAS_MIPSEL -DUNICORN_HAS_MIPS64 -DUNICORN_HAS_MIPS64EL -DUNICORN_HAS_SPARC -DUNICORN_HAS_PPC -DUNICORN_HAS_RISCV -DUNICORN_HAS_S390X -DUNICORN_HAS_TRICORE -fPIC -fstack-protector-strong

funcs: do_compiler do_cc compile_prog main
lines: 93 129 1645 0
/usr/bin/cc -fPIE -DPIE -m64 -mcx16 -D_GNU_SOURCE -D_FILE_OFFSET_BITS=64 -D_LARGEFILE_SOURCE -Wstrict-prototypes -Wredundant-decls -Wall -Wundef -Wwrite-strings -Wmissing-prototypes -fno-strict-aliasing -fno-common -fwrapv -std=gnu99 -DUNICORN_HAS_X86 -DUNICORN_HAS_ARM -DUNICORN_HAS_ARM64 -DUNICORN_HAS_M68K -DUNICORN_HAS_MIPS -DUNICORN_HAS_MIPSEL -DUNICORN_HAS_MIPS64 -DUNICORN_HAS_MIPS64EL -DUNICORN_HAS_SPARC -DUNICORN_HAS_PPC -DUNICORN_HAS_RISCV -DUNICORN_HAS_S390X -DUNICORN_HAS_TRICORE -fPIC -Wexpansion-to-defined -Wendif-labels -Wno-shift-negative-value -Wno-missing-include-dirs -Wempty-body -Wnested-externs -Wformat-security -Wformat-y2k -Winit-self -Wignored-qualifiers -Wold-style-declaration -Wold-style-definition -Wtype-limits -fstack-protector-strong -o config-temp/qemu-conf.exe config-temp/qemu-conf.c -Wl,-z,relro -Wl,-z,now -pie -m64 -DUNICORN_HAS_X86 -DUNICORN_HAS_ARM -DUNICORN_HAS_ARM64 -DUNICORN_HAS_M68K -DUNICORN_HAS_MIPS -DUNICORN_HAS_MIPSEL -DUNICORN_HAS_MIPS64 -DUNICORN_HAS_MIPS64EL -DUNICORN_HAS_SPARC -DUNICORN_HAS_PPC -DUNICORN_HAS_RISCV -DUNICORN_HAS_S390X -DUNICORN_HAS_TRICORE -fPIC -fstack-protector-strong

funcs: do_compiler do_cc compile_prog main
lines: 93 129 1661 0
/usr/bin/cc -fPIE -DPIE -m64 -mcx16 -D_GNU_SOURCE -D_FILE_OFFSET_BITS=64 -D_LARGEFILE_SOURCE -Wstrict-prototypes -Wredundant-decls -Wall -Wundef -Wwrite-strings -Wmissing-prototypes -fno-strict-aliasing -fno-common -fwrapv -std=gnu99 -DUNICORN_HAS_X86 -DUNICORN_HAS_ARM -DUNICORN_HAS_ARM64 -DUNICORN_HAS_M68K -DUNICORN_HAS_MIPS -DUNICORN_HAS_MIPSEL -DUNICORN_HAS_MIPS64 -DUNICORN_HAS_MIPS64EL -DUNICORN_HAS_SPARC -DUNICORN_HAS_PPC -DUNICORN_HAS_RISCV -DUNICORN_HAS_S390X -DUNICORN_HAS_TRICORE -fPIC -Wexpansion-to-defined -Wendif-labels -Wno-shift-negative-value -Wno-missing-include-dirs -Wempty-body -Wnested-externs -Wformat-security -Wformat-y2k -Winit-self -Wignored-qualifiers -Wold-style-declaration -Wold-style-definition -Wtype-limits -fstack-protector-strong -o config-temp/qemu-conf.exe config-temp/qemu-conf.c -Wl,-z,relro -Wl,-z,now -pie -m64 -DUNICORN_HAS_X86 -DUNICORN_HAS_ARM -DUNICORN_HAS_ARM64 -DUNICORN_HAS_M68K -DUNICORN_HAS_MIPS -DUNICORN_HAS_MIPSEL -DUNICORN_HAS_MIPS64 -DUNICORN_HAS_MIPS64EL -DUNICORN_HAS_SPARC -DUNICORN_HAS_PPC -DUNICORN_HAS_RISCV -DUNICORN_HAS_S390X -DUNICORN_HAS_TRICORE -fPIC -fstack-protector-strong

funcs: do_compiler do_cc compile_prog main
lines: 93 129 1675 0
/usr/bin/cc -fPIE -DPIE -m64 -mcx16 -D_GNU_SOURCE -D_FILE_OFFSET_BITS=64 -D_LARGEFILE_SOURCE -Wstrict-prototypes -Wredundant-decls -Wall -Wundef -Wwrite-strings -Wmissing-prototypes -fno-strict-aliasing -fno-common -fwrapv -std=gnu99 -DUNICORN_HAS_X86 -DUNICORN_HAS_ARM -DUNICORN_HAS_ARM64 -DUNICORN_HAS_M68K -DUNICORN_HAS_MIPS -DUNICORN_HAS_MIPSEL -DUNICORN_HAS_MIPS64 -DUNICORN_HAS_MIPS64EL -DUNICORN_HAS_SPARC -DUNICORN_HAS_PPC -DUNICORN_HAS_RISCV -DUNICORN_HAS_S390X -DUNICORN_HAS_TRICORE -fPIC -Wexpansion-to-defined -Wendif-labels -Wno-shift-negative-value -Wno-missing-include-dirs -Wempty-body -Wnested-externs -Wformat-security -Wformat-y2k -Winit-self -Wignored-qualifiers -Wold-style-declaration -Wold-style-definition -Wtype-limits -fstack-protector-strong -o config-temp/qemu-conf.exe config-temp/qemu-conf.c -Wl,-z,relro -Wl,-z,now -pie -m64 -DUNICORN_HAS_X86 -DUNICORN_HAS_ARM -DUNICORN_HAS_ARM64 -DUNICORN_HAS_M68K -DUNICORN_HAS_MIPS -DUNICORN_HAS_MIPSEL -DUNICORN_HAS_MIPS64 -DUNICORN_HAS_MIPS64EL -DUNICORN_HAS_SPARC -DUNICORN_HAS_PPC -DUNICORN_HAS_RISCV -DUNICORN_HAS_S390X -DUNICORN_HAS_TRICORE -fPIC -fstack-protector-strong

funcs: do_compiler do_cc compile_prog main
lines: 93 129 1698 0
/usr/bin/cc -fPIE -DPIE -m64 -mcx16 -D_GNU_SOURCE -D_FILE_OFFSET_BITS=64 -D_LARGEFILE_SOURCE -Wstrict-prototypes -Wredundant-decls -Wall -Wundef -Wwrite-strings -Wmissing-prototypes -fno-strict-aliasing -fno-common -fwrapv -std=gnu99 -DUNICORN_HAS_X86 -DUNICORN_HAS_ARM -DUNICORN_HAS_ARM64 -DUNICORN_HAS_M68K -DUNICORN_HAS_MIPS -DUNICORN_HAS_MIPSEL -DUNICORN_HAS_MIPS64 -DUNICORN_HAS_MIPS64EL -DUNICORN_HAS_SPARC -DUNICORN_HAS_PPC -DUNICORN_HAS_RISCV -DUNICORN_HAS_S390X -DUNICORN_HAS_TRICORE -fPIC -Wexpansion-to-defined -Wendif-labels -Wno-shift-negative-value -Wno-missing-include-dirs -Wempty-body -Wnested-externs -Wformat-security -Wformat-y2k -Winit-self -Wignored-qualifiers -Wold-style-declaration -Wold-style-definition -Wtype-limits -fstack-protector-strong -Werror -o config-temp/qemu-conf.exe config-temp/qemu-conf.c -Wl,-z,relro -Wl,-z,now -pie -m64 -DUNICORN_HAS_X86 -DUNICORN_HAS_ARM -DUNICORN_HAS_ARM64 -DUNICORN_HAS_M68K -DUNICORN_HAS_MIPS -DUNICORN_HAS_MIPSEL -DUNICORN_HAS_MIPS64 -DUNICORN_HAS_MIPS64EL -DUNICORN_HAS_SPARC -DUNICORN_HAS_PPC -DUNICORN_HAS_RISCV -DUNICORN_HAS_S390X -DUNICORN_HAS_TRICORE -fPIC -fstack-protector-strong

funcs: do_compiler do_cc compile_prog main
lines: 93 129 1715 0
/usr/bin/cc -fPIE -DPIE -m64 -mcx16 -D_GNU_SOURCE -D_FILE_OFFSET_BITS=64 -D_LARGEFILE_SOURCE -Wstrict-prototypes -Wredundant-decls -Wall -Wundef -Wwrite-strings -Wmissing-prototypes -fno-strict-aliasing -fno-common -fwrapv -std=gnu99 -DUNICORN_HAS_X86 -DUNICORN_HAS_ARM -DUNICORN_HAS_ARM64 -DUNICORN_HAS_M68K -DUNICORN_HAS_MIPS -DUNICORN_HAS_MIPSEL -DUNICORN_HAS_MIPS64 -DUNICORN_HAS_MIPS64EL -DUNICORN_HAS_SPARC -DUNICORN_HAS_PPC -DUNICORN_HAS_RISCV -DUNICORN_HAS_S390X -DUNICORN_HAS_TRICORE -fPIC -Wexpansion-to-defined -Wendif-labels -Wno-shift-negative-value -Wno-missing-include-dirs -Wempty-body -Wnested-externs -Wformat-security -Wformat-y2k -Winit-self -Wignored-qualifiers -Wold-style-declaration -Wold-style-definition -Wtype-limits -fstack-protector-strong -o config-temp/qemu-conf.exe config-temp/qemu-conf.c -Wl,-z,relro -Wl,-z,now -pie -m64 -DUNICORN_HAS_X86 -DUNICORN_HAS_ARM -DUNICORN_HAS_ARM64 -DUNICORN_HAS_M68K -DUNICORN_HAS_MIPS -DUNICORN_HAS_MIPSEL -DUNICORN_HAS_MIPS64 -DUNICORN_HAS_MIPS64EL -DUNICORN_HAS_SPARC -DUNICORN_HAS_PPC -DUNICORN_HAS_RISCV -DUNICORN_HAS_S390X -DUNICORN_HAS_TRICORE -fPIC -fstack-protector-strong

funcs: do_compiler do_cc compile_prog main
lines: 93 129 1739 0
/usr/bin/cc -fPIE -DPIE -m64 -mcx16 -D_GNU_SOURCE -D_FILE_OFFSET_BITS=64 -D_LARGEFILE_SOURCE -Wstrict-prototypes -Wredundant-decls -Wall -Wundef -Wwrite-strings -Wmissing-prototypes -fno-strict-aliasing -fno-common -fwrapv -std=gnu99 -DUNICORN_HAS_X86 -DUNICORN_HAS_ARM -DUNICORN_HAS_ARM64 -DUNICORN_HAS_M68K -DUNICORN_HAS_MIPS -DUNICORN_HAS_MIPSEL -DUNICORN_HAS_MIPS64 -DUNICORN_HAS_MIPS64EL -DUNICORN_HAS_SPARC -DUNICORN_HAS_PPC -DUNICORN_HAS_RISCV -DUNICORN_HAS_S390X -DUNICORN_HAS_TRICORE -fPIC -Wexpansion-to-defined -Wendif-labels -Wno-shift-negative-value -Wno-missing-include-dirs -Wempty-body -Wnested-externs -Wformat-security -Wformat-y2k -Winit-self -Wignored-qualifiers -Wold-style-declaration -Wold-style-definition -Wtype-limits -fstack-protector-strong -o config-temp/qemu-conf.exe config-temp/qemu-conf.c -Wl,-z,relro -Wl,-z,now -pie -m64 -DUNICORN_HAS_X86 -DUNICORN_HAS_ARM -DUNICORN_HAS_ARM64 -DUNICORN_HAS_M68K -DUNICORN_HAS_MIPS -DUNICORN_HAS_MIPSEL -DUNICORN_HAS_MIPS64 -DUNICORN_HAS_MIPS64EL -DUNICORN_HAS_SPARC -DUNICORN_HAS_PPC -DUNICORN_HAS_RISCV -DUNICORN_HAS_S390X -DUNICORN_HAS_TRICORE -fPIC -fstack-protector-strong

funcs: do_compiler do_cc compile_object main
lines: 93 123 1761 0
/usr/bin/cc -fPIE -DPIE -m64 -mcx16 -D_GNU_SOURCE -D_FILE_OFFSET_BITS=64 -D_LARGEFILE_SOURCE -Wstrict-prototypes -Wredundant-decls -Wall -Wundef -Wwrite-strings -Wmissing-prototypes -fno-strict-aliasing -fno-common -fwrapv -std=gnu99 -DUNICORN_HAS_X86 -DUNICORN_HAS_ARM -DUNICORN_HAS_ARM64 -DUNICORN_HAS_M68K -DUNICORN_HAS_MIPS -DUNICORN_HAS_MIPSEL -DUNICORN_HAS_MIPS64 -DUNICORN_HAS_MIPS64EL -DUNICORN_HAS_SPARC -DUNICORN_HAS_PPC -DUNICORN_HAS_RISCV -DUNICORN_HAS_S390X -DUNICORN_HAS_TRICORE -fPIC -Wexpansion-to-defined -Wendif-labels -Wno-shift-negative-value -Wno-missing-include-dirs -Wempty-body -Wnested-externs -Wformat-security -Wformat-y2k -Winit-self -Wignored-qualifiers -Wold-style-declaration -Wold-style-definition -Wtype-limits -fstack-protector-strong -c -o config-temp/qemu-conf.o config-temp/qemu-conf.c

funcs: do_compiler do_cc compile_prog main
lines: 93 129 1812 0
/usr/bin/cc -fPIE -DPIE -m64 -mcx16 -D_GNU_SOURCE -D_FILE_OFFSET_BITS=64 -D_LARGEFILE_SOURCE -Wstrict-prototypes -Wredundant-decls -Wall -Wundef -Wwrite-strings -Wmissing-prototypes -fno-strict-aliasing -fno-common -fwrapv -std=gnu99 -DUNICORN_HAS_X86 -DUNICORN_HAS_ARM -DUNICORN_HAS_ARM64 -DUNICORN_HAS_M68K -DUNICORN_HAS_MIPS -DUNICORN_HAS_MIPSEL -DUNICORN_HAS_MIPS64 -DUNICORN_HAS_MIPS64EL -DUNICORN_HAS_SPARC -DUNICORN_HAS_PPC -DUNICORN_HAS_RISCV -DUNICORN_HAS_S390X -DUNICORN_HAS_TRICORE -fPIC -Wexpansion-to-defined -Wendif-labels -Wno-shift-negative-value -Wno-missing-include-dirs -Wempty-body -Wnested-externs -Wformat-security -Wformat-y2k -Winit-self -Wignored-qualifiers -Wold-style-declaration -Wold-style-definition -Wtype-limits -fstack-protector-strong -o config-temp/qemu-conf.exe config-temp/qemu-conf.c -Wl,-z,relro -Wl,-z,now -pie -m64 -DUNICORN_HAS_X86 -DUNICORN_HAS_ARM -DUNICORN_HAS_ARM64 -DUNICORN_HAS_M68K -DUNICORN_HAS_MIPS -DUNICORN_HAS_MIPSEL -DUNICORN_HAS_MIPS64 -DUNICORN_HAS_MIPS64EL -DUNICORN_HAS_SPARC -DUNICORN_HAS_PPC -DUNICORN_HAS_RISCV -DUNICORN_HAS_S390X -DUNICORN_HAS_TRICORE -fPIC -fstack-protector-strong

funcs: do_compiler do_cc compile_prog main
lines: 93 129 1831 0
/usr/bin/cc -fPIE -DPIE -m64 -mcx16 -D_GNU_SOURCE -D_FILE_OFFSET_BITS=64 -D_LARGEFILE_SOURCE -Wstrict-prototypes -Wredundant-decls -Wall -Wundef -Wwrite-strings -Wmissing-prototypes -fno-strict-aliasing -fno-common -fwrapv -std=gnu99 -DUNICORN_HAS_X86 -DUNICORN_HAS_ARM -DUNICORN_HAS_ARM64 -DUNICORN_HAS_M68K -DUNICORN_HAS_MIPS -DUNICORN_HAS_MIPSEL -DUNICORN_HAS_MIPS64 -DUNICORN_HAS_MIPS64EL -DUNICORN_HAS_SPARC -DUNICORN_HAS_PPC -DUNICORN_HAS_RISCV -DUNICORN_HAS_S390X -DUNICORN_HAS_TRICORE -fPIC -Wexpansion-to-defined -Wendif-labels -Wno-shift-negative-value -Wno-missing-include-dirs -Wempty-body -Wnested-externs -Wformat-security -Wformat-y2k -Winit-self -Wignored-qualifiers -Wold-style-declaration -Wold-style-definition -Wtype-limits -fstack-protector-strong -o config-temp/qemu-conf.exe config-temp/qemu-conf.c -Wl,-z,relro -Wl,-z,now -pie -m64 -DUNICORN_HAS_X86 -DUNICORN_HAS_ARM -DUNICORN_HAS_ARM64 -DUNICORN_HAS_M68K -DUNICORN_HAS_MIPS -DUNICORN_HAS_MIPSEL -DUNICORN_HAS_MIPS64 -DUNICORN_HAS_MIPS64EL -DUNICORN_HAS_SPARC -DUNICORN_HAS_PPC -DUNICORN_HAS_RISCV -DUNICORN_HAS_S390X -DUNICORN_HAS_TRICORE -fPIC -fstack-protector-strong
/usr/bin/ld: /tmp/cccCHMqs.o: in function `main':
qemu-conf.c:(.text+0x45): undefined reference to `__atomic_load_16'
/usr/bin/ld: qemu-conf.c:(.text+0x6f): undefined reference to `__atomic_store_16'
/usr/bin/ld: qemu-conf.c:(.text+0x96): undefined reference to `__atomic_compare_exchange_16'
collect2: error: ld returned 1 exit status

funcs: do_compiler do_cc compile_prog main
lines: 93 129 1846 0
/usr/bin/cc -fPIE -DPIE -m64 -mcx16 -D_GNU_SOURCE -D_FILE_OFFSET_BITS=64 -D_LARGEFILE_SOURCE -Wstrict-prototypes -Wredundant-decls -Wall -Wundef -Wwrite-strings -Wmissing-prototypes -fno-strict-aliasing -fno-common -fwrapv -std=gnu99 -DUNICORN_HAS_X86 -DUNICORN_HAS_ARM -DUNICORN_HAS_ARM64 -DUNICORN_HAS_M68K -DUNICORN_HAS_MIPS -DUNICORN_HAS_MIPSEL -DUNICORN_HAS_MIPS64 -DUNICORN_HAS_MIPS64EL -DUNICORN_HAS_SPARC -DUNICORN_HAS_PPC -DUNICORN_HAS_RISCV -DUNICORN_HAS_S390X -DUNICORN_HAS_TRICORE -fPIC -Wexpansion-to-defined -Wendif-labels -Wno-shift-negative-value -Wno-missing-include-dirs -Wempty-body -Wnested-externs -Wformat-security -Wformat-y2k -Winit-self -Wignored-qualifiers -Wold-style-declaration -Wold-style-definition -Wtype-limits -fstack-protector-strong -o config-temp/qemu-conf.exe config-temp/qemu-conf.c -Wl,-z,relro -Wl,-z,now -pie -m64 -DUNICORN_HAS_X86 -DUNICORN_HAS_ARM -DUNICORN_HAS_ARM64 -DUNICORN_HAS_M68K -DUNICORN_HAS_MIPS -DUNICORN_HAS_MIPSEL -DUNICORN_HAS_MIPS64 -DUNICORN_HAS_MIPS64EL -DUNICORN_HAS_SPARC -DUNICORN_HAS_PPC -DUNICORN_HAS_RISCV -DUNICORN_HAS_S390X -DUNICORN_HAS_TRICORE -fPIC -fstack-protector-strong

funcs: do_compiler do_cc compile_prog main
lines: 93 129 1876 0
/usr/bin/cc -fPIE -DPIE -m64 -mcx16 -D_GNU_SOURCE -D_FILE_OFFSET_BITS=64 -D_LARGEFILE_SOURCE -Wstrict-prototypes -Wredundant-decls -Wall -Wundef -Wwrite-strings -Wmissing-prototypes -fno-strict-aliasing -fno-common -fwrapv -std=gnu99 -DUNICORN_HAS_X86 -DUNICORN_HAS_ARM -DUNICORN_HAS_ARM64 -DUNICORN_HAS_M68K -DUNICORN_HAS_MIPS -DUNICORN_HAS_MIPSEL -DUNICORN_HAS_MIPS64 -DUNICORN_HAS_MIPS64EL -DUNICORN_HAS_SPARC -DUNICORN_HAS_PPC -DUNICORN_HAS_RISCV -DUNICORN_HAS_S390X -DUNICORN_HAS_TRICORE -fPIC -Wexpansion-to-defined -Wendif-labels -Wno-shift-negative-value -Wno-missing-include-dirs -Wempty-body -Wnested-externs -Wformat-security -Wformat-y2k -Winit-self -Wignored-qualifiers -Wold-style-declaration -Wold-style-definition -Wtype-limits -fstack-protector-strong -o config-temp/qemu-conf.exe config-temp/qemu-conf.c -Wl,-z,relro -Wl,-z,now -pie -m64 -DUNICORN_HAS_X86 -DUNICORN_HAS_ARM -DUNICORN_HAS_ARM64 -DUNICORN_HAS_M68K -DUNICORN_HAS_MIPS -DUNICORN_HAS_MIPSEL -DUNICORN_HAS_MIPS64 -DUNICORN_HAS_MIPS64EL -DUNICORN_HAS_SPARC -DUNICORN_HAS_PPC -DUNICORN_HAS_RISCV -DUNICORN_HAS_S390X -DUNICORN_HAS_TRICORE -fPIC -fstack-protector-strong

funcs: do_compiler do_cc compile_prog main
lines: 93 129 1906 0
/usr/bin/cc -fPIE -DPIE -m64 -mcx16 -D_GNU_SOURCE -D_FILE_OFFSET_BITS=64 -D_LARGEFILE_SOURCE -Wstrict-prototypes -Wredundant-decls -Wall -Wundef -Wwrite-strings -Wmissing-prototypes -fno-strict-aliasing -fno-common -fwrapv -std=gnu99 -DUNICORN_HAS_X86 -DUNICORN_HAS_ARM -DUNICORN_HAS_ARM64 -DUNICORN_HAS_M68K -DUNICORN_HAS_MIPS -DUNICORN_HAS_MIPSEL -DUNICORN_HAS_MIPS64 -DUNICORN_HAS_MIPS64EL -DUNICORN_HAS_SPARC -DUNICORN_HAS_PPC -DUNICORN_HAS_RISCV -DUNICORN_HAS_S390X -DUNICORN_HAS_TRICORE -fPIC -Wexpansion-to-defined -Wendif-labels -Wno-shift-negative-value -Wno-missing-include-dirs -Wempty-body -Wnested-externs -Wformat-security -Wformat-y2k -Winit-self -Wignored-qualifiers -Wold-style-declaration -Wold-style-definition -Wtype-limits -fstack-protector-strong -o config-temp/qemu-conf.exe config-temp/qemu-conf.c -Wl,-z,relro -Wl,-z,now -pie -m64 -DUNICORN_HAS_X86 -DUNICORN_HAS_ARM -DUNICORN_HAS_ARM64 -DUNICORN_HAS_M68K -DUNICORN_HAS_MIPS -DUNICORN_HAS_MIPSEL -DUNICORN_HAS_MIPS64 -DUNICORN_HAS_MIPS64EL -DUNICORN_HAS_SPARC -DUNICORN_HAS_PPC -DUNICORN_HAS_RISCV -DUNICORN_HAS_S390X -DUNICORN_HAS_TRICORE -fPIC -fstack-protector-strong -Wl,--dynamic-list=config-temp/qemu-conf.txt

funcs: do_compiler do_cc compile_prog main
lines: 93 129 1920 0
/usr/bin/cc -fPIE -DPIE -m64 -mcx16 -D_GNU_SOURCE -D_FILE_OFFSET_BITS=64 -D_LARGEFILE_SOURCE -Wstrict-prototypes -Wredundant-decls -Wall -Wundef -Wwrite-strings -Wmissing-prototypes -fno-strict-aliasing -fno-common -fwrapv -std=gnu99 -DUNICORN_HAS_X86 -DUNICORN_HAS_ARM -DUNICORN_HAS_ARM64 -DUNICORN_HAS_M68K -DUNICORN_HAS_MIPS -DUNICORN_HAS_MIPSEL -DUNICORN_HAS_MIPS64 -DUNICORN_HAS_MIPS64EL -DUNICORN_HAS_SPARC -DUNICORN_HAS_PPC -DUNICORN_HAS_RISCV -DUNICORN_HAS_S390X -DUNICORN_HAS_TRICORE -fPIC -Wexpansion-to-defined -Wendif-labels -Wno-shift-negative-value -Wno-missing-include-dirs -Wempty-body -Wnested-externs -Wformat-security -Wformat-y2k -Winit-self -Wignored-qualifiers -Wold-style-declaration -Wold-style-definition -Wtype-limits -fstack-protector-strong -o config-temp/qemu-conf.exe config-temp/qemu-conf.c -Wl,-z,relro -Wl,-z,now -pie -m64 -DUNICORN_HAS_X86 -DUNICORN_HAS_ARM -DUNICORN_HAS_ARM64 -DUNICORN_HAS_M68K -DUNICORN_HAS_MIPS -DUNICORN_HAS_MIPSEL -DUNICORN_HAS_MIPS64 -DUNICORN_HAS_MIPS64EL -DUNICORN_HAS_SPARC -DUNICORN_HAS_PPC -DUNICORN_HAS_RISCV -DUNICORN_HAS_S390X -DUNICORN_HAS_TRICORE -fPIC -fstack-protector-strong -Wl,-exported_symbols_list,config-temp/qemu-conf.txt
/usr/bin/ld:config-temp/qemu-conf.txt: file format not recognized; treating as linker script
/usr/bin/ld:config-temp/qemu-conf.txt:0: syntax error
collect2: error: ld returned 1 exit status

funcs: do_compiler do_cc compile_prog main
lines: 93 129 1936 0
/usr/bin/cc -fPIE -DPIE -m64 -mcx16 -D_GNU_SOURCE -D_FILE_OFFSET_BITS=64 -D_LARGEFILE_SOURCE -Wstrict-prototypes -Wredundant-decls -Wall -Wundef -Wwrite-strings -Wmissing-prototypes -fno-strict-aliasing -fno-common -fwrapv -std=gnu99 -DUNICORN_HAS_X86 -DUNICORN_HAS_ARM -DUNICORN_HAS_ARM64 -DUNICORN_HAS_M68K -DUNICORN_HAS_MIPS -DUNICORN_HAS_MIPSEL -DUNICORN_HAS_MIPS64 -DUNICORN_HAS_MIPS64EL -DUNICORN_HAS_SPARC -DUNICORN_HAS_PPC -DUNICORN_HAS_RISCV -DUNICORN_HAS_S390X -DUNICORN_HAS_TRICORE -fPIC -Wexpansion-to-defined -Wendif-labels -Wno-shift-negative-value -Wno-missing-include-dirs -Wempty-body -Wnested-externs -Wformat-security -Wformat-y2k -Winit-self -Wignored-qualifiers -Wold-style-declaration -Wold-style-definition -Wtype-limits -fstack-protector-strong -o config-temp/qemu-conf.exe config-temp/qemu-conf.c -Wl,-z,relro -Wl,-z,now -pie -m64 -DUNICORN_HAS_X86 -DUNICORN_HAS_ARM -DUNICORN_HAS_ARM64 -DUNICORN_HAS_M68K -DUNICORN_HAS_MIPS -DUNICORN_HAS_MIPSEL -DUNICORN_HAS_MIPS64 -DUNICORN_HAS_MIPS64EL -DUNICORN_HAS_SPARC -DUNICORN_HAS_PPC -DUNICORN_HAS_RISCV -DUNICORN_HAS_S390X -DUNICORN_HAS_TRICORE -fPIC -fstack-protector-strong

funcs: do_compiler do_cc compile_prog main
lines: 93 129 1950 0
/usr/bin/cc -fPIE -DPIE -m64 -mcx16 -D_GNU_SOURCE -D_FILE_OFFSET_BITS=64 -D_LARGEFILE_SOURCE -Wstrict-prototypes -Wredundant-decls -Wall -Wundef -Wwrite-strings -Wmissing-prototypes -fno-strict-aliasing -fno-common -fwrapv -std=gnu99 -DUNICORN_HAS_X86 -DUNICORN_HAS_ARM -DUNICORN_HAS_ARM64 -DUNICORN_HAS_M68K -DUNICORN_HAS_MIPS -DUNICORN_HAS_MIPSEL -DUNICORN_HAS_MIPS64 -DUNICORN_HAS_MIPS64EL -DUNICORN_HAS_SPARC -DUNICORN_HAS_PPC -DUNICORN_HAS_RISCV -DUNICORN_HAS_S390X -DUNICORN_HAS_TRICORE -fPIC -Wexpansion-to-defined -Wendif-labels -Wno-shift-negative-value -Wno-missing-include-dirs -Wempty-body -Wnested-externs -Wformat-security -Wformat-y2k -Winit-self -Wignored-qualifiers -Wold-style-declaration -Wold-style-definition -Wtype-limits -fstack-protector-strong -o config-temp/qemu-conf.exe config-temp/qemu-conf.c -Wl,-z,relro -Wl,-z,now -pie -m64 -DUNICORN_HAS_X86 -DUNICORN_HAS_ARM -DUNICORN_HAS_ARM64 -DUNICORN_HAS_M68K -DUNICORN_HAS_MIPS -DUNICORN_HAS_MIPSEL -DUNICORN_HAS_MIPS64 -DUNICORN_HAS_MIPS64EL -DUNICORN_HAS_SPARC -DUNICORN_HAS_PPC -DUNICORN_HAS_RISCV -DUNICORN_HAS_S390X -DUNICORN_HAS_TRICORE -fPIC -fstack-protector-strong

funcs: do_compiler do_cc compile_object main
lines: 93 123 1978 0
/usr/bin/cc -fPIE -DPIE -m64 -mcx16 -D_GNU_SOURCE -D_FILE_OFFSET_BITS=64 -D_LARGEFILE_SOURCE -Wstrict-prototypes -Wredundant-decls -Wall -Wundef -Wwrite-strings -Wmissing-prototypes -fno-strict-aliasing -fno-common -fwrapv -std=gnu99 -DUNICORN_HAS_X86 -DUNICORN_HAS_ARM -DUNICORN_HAS_ARM64 -DUNICORN_HAS_M68K -DUNICORN_HAS_MIPS -DUNICORN_HAS_MIPSEL -DUNICORN_HAS_MIPS64 -DUNICORN_HAS_MIPS64EL -DUNICORN_HAS_SPARC -DUNICORN_HAS_PPC -DUNICORN_HAS_RISCV -DUNICORN_HAS_S390X -DUNICORN_HAS_TRICORE -fPIC -Wexpansion-to-defined -Wendif-labels -Wno-shift-negative-value -Wno-missing-include-dirs -Wempty-body -Wnested-externs -Wformat-security -Wformat-y2k -Winit-self -Wignored-qualifiers -Wold-style-declaration -Wold-style-definition -Wtype-limits -fstack-protector-strong -Werror -c -o config-temp/qemu-conf.o config-temp/qemu-conf.c

funcs: do_compiler do_cc compile_object main
lines: 93 123 2025 0
/usr/bin/cc -fPIE -DPIE -m64 -mcx16 -D_GNU_SOURCE -D_FILE_OFFSET_BITS=64 -D_LARGEFILE_SOURCE -Wstrict-prototypes -Wredundant-decls -Wall -Wundef -Wwrite-strings -Wmissing-prototypes -fno-strict-aliasing -fno-common -fwrapv -std=gnu99 -DUNICORN_HAS_X86 -DUNICORN_HAS_ARM -DUNICORN_HAS_ARM64 -DUNICORN_HAS_M68K -DUNICORN_HAS_MIPS -DUNICORN_HAS_MIPSEL -DUNICORN_HAS_MIPS64 -DUNICORN_HAS_MIPS64EL -DUNICORN_HAS_SPARC -DUNICORN_HAS_PPC -DUNICORN_HAS_RISCV -DUNICORN_HAS_S390X -DUNICORN_HAS_TRICORE -fPIC -Wexpansion-to-defined -Wendif-labels -Wno-shift-negative-value -Wno-missing-include-dirs -Wempty-body -Wnested-externs -Wformat-security -Wformat-y2k -Winit-self -Wignored-qualifiers -Wold-style-declaration -Wold-style-definition -Wtype-limits -fstack-protector-strong -c -o config-temp/qemu-conf.o config-temp/qemu-conf.c

funcs: do_compiler do_cc main
lines: 93 2029 0
/usr/bin/cc -nostdlib -Wl,-r -Wl,--no-relax -o config-temp/qemu-conf.mo config-temp/qemu-conf.o
/usr/bin/ld: -r and -pie may not be used together
collect2: error: ld returned 1 exit status

funcs: do_compiler do_cc main
lines: 93 2029 0
/usr/bin/cc -nostdlib -Wl,-r -o config-temp/qemu-conf.mo config-temp/qemu-conf.o
/usr/bin/ld: -r and -pie may not be used together
collect2: error: ld returned 1 exit status

funcs: do_compiler do_cc main
lines: 93 2029 0
/usr/bin/cc -nostdlib -r -o config-temp/qemu-conf.mo config-temp/qemu-conf.o

funcs: do_compiler do_cc compile_prog main
lines: 93 129 2045 0
/usr/bin/cc -fPIE -DPIE -m64 -mcx16 -D_GNU_SOURCE -D_FILE_OFFSET_BITS=64 -D_LARGEFILE_SOURCE -Wstrict-prototypes -Wredundant-decls -Wall -Wundef -Wwrite-strings -Wmissing-prototypes -fno-strict-aliasing -fno-common -fwrapv -std=gnu99 -DUNICORN_HAS_X86 -DUNICORN_HAS_ARM -DUNICORN_HAS_ARM64 -DUNICORN_HAS_M68K -DUNICORN_HAS_MIPS -DUNICORN_HAS_MIPSEL -DUNICORN_HAS_MIPS64 -DUNICORN_HAS_MIPS64EL -DUNICORN_HAS_SPARC -DUNICORN_HAS_PPC -DUNICORN_HAS_RISCV -DUNICORN_HAS_S390X -DUNICORN_HAS_TRICORE -fPIC -Wexpansion-to-defined -Wendif-labels -Wno-shift-negative-value -Wno-missing-include-dirs -Wempty-body -Wnested-externs -Wformat-security -Wformat-y2k -Winit-self -Wignored-qualifiers -Wold-style-declaration -Wold-style-definition -Wtype-limits -fstack-protector-strong -o config-temp/qemu-conf.exe config-temp/qemu-conf.c -Wl,-z,relro -Wl,-z,now -pie -m64 -DUNICORN_HAS_X86 -DUNICORN_HAS_ARM -DUNICORN_HAS_ARM64 -DUNICORN_HAS_M68K -DUNICORN_HAS_MIPS -DUNICORN_HAS_MIPSEL -DUNICORN_HAS_MIPS64 -DUNICORN_HAS_MIPS64EL -DUNICORN_HAS_SPARC -DUNICORN_HAS_PPC -DUNICORN_HAS_RISCV -DUNICORN_HAS_S390X -DUNICORN_HAS_TRICORE -fPIC -fstack-protector-strong

funcs: do_compiler do_cc compile_prog main
lines: 93 129 2059 0
/usr/bin/cc -fPIE -DPIE -m64 -mcx16 -D_GNU_SOURCE -D_FILE_OFFSET_BITS=64 -D_LARGEFILE_SOURCE -Wstrict-prototypes -Wredundant-decls -Wall -Wundef -Wwrite-strings -Wmissing-prototypes -fno-strict-aliasing -fno-common -fwrapv -std=gnu99 -DUNICORN_HAS_X86 -DUNICORN_HAS_ARM -DUNICORN_HAS_ARM64 -DUNICORN_HAS_M68K -DUNICORN_HAS_MIPS -DUNICORN_HAS_MIPSEL -DUNICORN_HAS_MIPS64 -DUNICORN_HAS_MIPS64EL -DUNICORN_HAS_SPARC -DUNICORN_HAS_PPC -DUNICORN_HAS_RISCV -DUNICORN_HAS_S390X -DUNICORN_HAS_TRICORE -fPIC -Wexpansion-to-defined -Wendif-labels -Wno-shift-negative-value -Wno-missing-include-dirs -Wempty-body -Wnested-externs -Wformat-security -Wformat-y2k -Winit-self -Wignored-qualifiers -Wold-style-declaration -Wold-style-definition -Wtype-limits -fstack-protector-strong -o config-temp/qemu-conf.exe config-temp/qemu-conf.c -Wl,-z,relro -Wl,-z,now -pie -m64 -DUNICORN_HAS_X86 -DUNICORN_HAS_ARM -DUNICORN_HAS_ARM64 -DUNICORN_HAS_M68K -DUNICORN_HAS_MIPS -DUNICORN_HAS_MIPSEL -DUNICORN_HAS_MIPS64 -DUNICORN_HAS_MIPS64EL -DUNICORN_HAS_SPARC -DUNICORN_HAS_PPC -DUNICORN_HAS_RISCV -DUNICORN_HAS_S390X -DUNICORN_HAS_TRICORE -fPIC -fstack-protector-strong

funcs: do_compiler do_cc compile_prog main
lines: 93 129 2074 0
/usr/bin/cc -fPIE -DPIE -m64 -mcx16 -D_GNU_SOURCE -D_FILE_OFFSET_BITS=64 -D_LARGEFILE_SOURCE -Wstrict-prototypes -Wredundant-decls -Wall -Wundef -Wwrite-strings -Wmissing-prototypes -fno-strict-aliasing -fno-common -fwrapv -std=gnu99 -DUNICORN_HAS_X86 -DUNICORN_HAS_ARM -DUNICORN_HAS_ARM64 -DUNICORN_HAS_M68K -DUNICORN_HAS_MIPS -DUNICORN_HAS_MIPSEL -DUNICORN_HAS_MIPS64 -DUNICORN_HAS_MIPS64EL -DUNICORN_HAS_SPARC -DUNICORN_HAS_PPC -DUNICORN_HAS_RISCV -DUNICORN_HAS_S390X -DUNICORN_HAS_TRICORE -fPIC -Wexpansion-to-defined -Wendif-labels -Wno-shift-negative-value -Wno-missing-include-dirs -Wempty-body -Wnested-externs -Wformat-security -Wformat-y2k -Winit-self -Wignored-qualifiers -Wold-style-declaration -Wold-style-definition -Wtype-limits -fstack-protector-strong -o config-temp/qemu-conf.exe config-temp/qemu-conf.c -Wl,-z,relro -Wl,-z,now -pie -m64 -DUNICORN_HAS_X86 -DUNICORN_HAS_ARM -DUNICORN_HAS_ARM64 -DUNICORN_HAS_M68K -DUNICORN_HAS_MIPS -DUNICORN_HAS_MIPSEL -DUNICORN_HAS_MIPS64 -DUNICORN_HAS_MIPS64EL -DUNICORN_HAS_SPARC -DUNICORN_HAS_PPC -DUNICORN_HAS_RISCV -DUNICORN_HAS_S390X -DUNICORN_HAS_TRICORE -fPIC -fstack-protector-strong

funcs: do_compiler do_cc compile_prog main
lines: 93 129 2088 0
/usr/bin/cc -fPIE -DPIE -m64 -mcx16 -D_GNU_SOURCE -D_FILE_OFFSET_BITS=64 -D_LARGEFILE_SOURCE -Wstrict-prototypes -Wredundant-decls -Wall -Wundef -Wwrite-strings -Wmissing-prototypes -fno-strict-aliasing -fno-common -fwrapv -std=gnu99 -DUNICORN_HAS_X86 -DUNICORN_HAS_ARM -DUNICORN_HAS_ARM64 -DUNICORN_HAS_M68K -DUNICORN_HAS_MIPS -DUNICORN_HAS_MIPSEL -DUNICORN_HAS_MIPS64 -DUNICORN_HAS_MIPS64EL -DUNICORN_HAS_SPARC -DUNICORN_HAS_PPC -DUNICORN_HAS_RISCV -DUNICORN_HAS_S390X -DUNICORN_HAS_TRICORE -fPIC -Wexpansion-to-defined -Wendif-labels -Wno-shift-negative-value -Wno-missing-include-dirs -Wempty-body -Wnested-externs -Wformat-security -Wformat-y2k -Winit-self -Wignored-qualifiers -Wold-style-declaration -Wold-style-definition -Wtype-limits -fstack-protector-strong -o config-temp/qemu-conf.exe config-temp/qemu-conf.c -Wl,-z,relro -Wl,-z,now -pie -m64 -DUNICORN_HAS_X86 -DUNICORN_HAS_ARM -DUNICORN_HAS_ARM64 -DUNICORN_HAS_M68K -DUNICORN_HAS_MIPS -DUNICORN_HAS_MIPSEL -DUNICORN_HAS_MIPS64 -DUNICORN_HAS_MIPS64EL -DUNICORN_HAS_SPARC -DUNICORN_HAS_PPC -DUNICORN_HAS_RISCV -DUNICORN_HAS_S390X -DUNICORN_HAS_TRICORE -fPIC -fstack-protector-strong

funcs: do_compiler do_cc compile_object main
lines: 93 123 2215 0
/usr/bin/cc -fPIE -DPIE -m64 -mcx16 -D_GNU_SOURCE -D_FILE_OFFSET_BITS=64 -D_LARGEFILE_SOURCE -Wstrict-prototypes -Wredundant-decls -Wall -Wundef -Wwrite-strings -Wmissing-prototypes -fno-strict-aliasing -fno-common -fwrapv -std=gnu99 -DUNICORN_HAS_X86 -DUNICORN_HAS_ARM -DUNICORN_HAS_ARM64 -DUNICORN_HAS_M68K -DUNICORN_HAS_MIPS -DUNICORN_HAS_MIPSEL -DUNICORN_HAS_MIPS64 -DUNICORN_HAS_MIPS64EL -DUNICORN_HAS_SPARC -DUNICORN_HAS_PPC -DUNICORN_HAS_RISCV -DUNICORN_HAS_S390X -DUNICORN_HAS_TRICORE -fPIC -Wexpansion-to-defined -Wendif-labels -Wno-shift-negative-value -Wno-missing-include-dirs -Wempty-body -Wnested-externs -Wformat-security -Wformat-y2k -Winit-self -Wignored-qualifiers -Wold-style-declaration -Wold-style-definition -Wtype-limits -fstack-protector-strong -c -o config-temp/qemu-conf.o config-temp/qemu-conf.c

funcs: do_compiler do_cxx main
lines: 97 2226 0
c++ -D__STDC_LIMIT_MACROS -D__STDC_CONSTANT_MACROS -D__STDC_FORMAT_MACROS -fPIE -DPIE -m64 -mcx16 -D_GNU_SOURCE -D_FILE_OFFSET_BITS=64 -D_LARGEFILE_SOURCE -Wall -Wundef -Wwrite-strings -fno-strict-aliasing -fno-common -fwrapv -std=gnu++98 -DUNICORN_HAS_X86 -DUNICORN_HAS_ARM -DUNICORN_HAS_ARM64 -DUNICORN_HAS_M68K -DUNICORN_HAS_MIPS -DUNICORN_HAS_MIPSEL -DUNICORN_HAS_MIPS64 -DUNICORN_HAS_MIPS64EL -DUNICORN_HAS_SPARC -DUNICORN_HAS_PPC -DUNICORN_HAS_RISCV -DUNICORN_HAS_S390X -DUNICORN_HAS_TRICORE -fPIC -Wexpansion-to-defined -Wendif-labels -Wno-shift-negative-value -Wno-missing-include-dirs -Wempty-body -Wformat-security -Wformat-y2k -Winit-self -Wignored-qualifiers -Wtype-limits -fstack-protector-strong -o config-temp/qemu-conf.exe config-temp/qemu-conf.cxx config-temp/qemu-conf.o -Wl,--warn-common -Wl,-z,relro -Wl,-z,now -pie -m64 -DUNICORN_HAS_X86 -DUNICORN_HAS_ARM -DUNICORN_HAS_ARM64 -DUNICORN_HAS_M68K -DUNICORN_HAS_MIPS -DUNICORN_HAS_MIPSEL -DUNICORN_HAS_MIPS64 -DUNICORN_HAS_MIPS64EL -DUNICORN_HAS_SPARC -DUNICORN_HAS_PPC -DUNICORN_HAS_RISCV -DUNICORN_HAS_S390X -DUNICORN_HAS_TRICORE -fPIC -fstack-protector-strong
